[0m22:27:00.099207 [debug] [MainThread]: Sending event: {'category': 'dbt', 'action': 'invocation', 'label': 'start', 'context': [<snowplow_tracker.self_describing_json.SelfDescribingJson object at 0x00000256CDB47F10>, <snowplow_tracker.self_describing_json.SelfDescribingJson object at 0x00000256CE38EC10>, <snowplow_tracker.self_describing_json.SelfDescribingJson object at 0x00000256CE38F410>]}


============================== 22:27:00.101207 | 4c446cd0-f8bf-4a31-aee9-7c43b4b8ddc0 ==============================
[0m22:27:00.101207 [info ] [MainThread]: Running with dbt=1.6.6
[0m22:27:00.102207 [debug] [MainThread]: running dbt with arguments {'printer_width': '80', 'indirect_selection': 'eager', 'log_cache_events': 'False', 'write_json': 'True', 'partial_parse': 'True', 'cache_selected_only': 'False', 'profiles_dir': 'C:\\Users\\htw10\\.dbt', 'version_check': 'True', 'debug': 'False', 'log_path': 'C:\\Users\\htw10\\OneDrive\\Documents_chinese\\GitHub\\BDE_AT3\\bde_at3_dbt\\logs', 'fail_fast': 'False', 'warn_error': 'None', 'use_colors': 'True', 'use_experimental_parser': 'False', 'no_print': 'None', 'quiet': 'False', 'log_format': 'default', 'introspect': 'True', 'invocation_command': 'dbt debug', 'static_parser': 'True', 'target_path': 'None', 'warn_error_options': 'WarnErrorOptions(include=[], exclude=[])', 'send_anonymous_usage_stats': 'True'}
[0m22:27:00.102207 [info ] [MainThread]: dbt version: 1.6.6
[0m22:27:00.103208 [info ] [MainThread]: python version: 3.11.5
[0m22:27:00.103208 [info ] [MainThread]: python path: C:\Users\htw10\OneDrive\Documents_chinese\GitHub\BDE_AT3\.conda\python.exe
[0m22:27:00.104207 [info ] [MainThread]: os info: Windows-10-10.0.22621-SP0
[0m22:27:00.131712 [info ] [MainThread]: Using profiles dir at C:\Users\htw10\.dbt
[0m22:27:00.132712 [info ] [MainThread]: Using profiles.yml file at C:\Users\htw10\.dbt\profiles.yml
[0m22:27:00.132712 [info ] [MainThread]: Using dbt_project.yml file at C:\Users\htw10\OneDrive\Documents_chinese\GitHub\BDE_AT3\bde_at3_dbt\dbt_project.yml
[0m22:27:00.146712 [info ] [MainThread]: Configuration:
[0m22:27:00.146712 [info ] [MainThread]:   profiles.yml file [[31mERROR invalid[0m]
[0m22:27:00.147712 [info ] [MainThread]:   dbt_project.yml file [[32mOK found and valid[0m]
[0m22:27:00.147712 [info ] [MainThread]: Required dependencies:
[0m22:27:00.147712 [debug] [MainThread]: Executing "git --help"
[0m22:27:00.168712 [debug] [MainThread]: STDOUT: "b"usage: git [-v | --version] [-h | --help] [-C <path>] [-c <name>=<value>]\n           [--exec-path[=<path>]] [--html-path] [--man-path] [--info-path]\n           [-p | --paginate | -P | --no-pager] [--no-replace-objects] [--bare]\n           [--git-dir=<path>] [--work-tree=<path>] [--namespace=<name>]\n           [--config-env=<name>=<envvar>] <command> [<args>]\n\nThese are common Git commands used in various situations:\n\nstart a working area (see also: git help tutorial)\n   clone     Clone a repository into a new directory\n   init      Create an empty Git repository or reinitialize an existing one\n\nwork on the current change (see also: git help everyday)\n   add       Add file contents to the index\n   mv        Move or rename a file, a directory, or a symlink\n   restore   Restore working tree files\n   rm        Remove files from the working tree and from the index\n\nexamine the history and state (see also: git help revisions)\n   bisect    Use binary search to find the commit that introduced a bug\n   diff      Show changes between commits, commit and working tree, etc\n   grep      Print lines matching a pattern\n   log       Show commit logs\n   show      Show various types of objects\n   status    Show the working tree status\n\ngrow, mark and tweak your common history\n   branch    List, create, or delete branches\n   commit    Record changes to the repository\n   merge     Join two or more development histories together\n   rebase    Reapply commits on top of another base tip\n   reset     Reset current HEAD to the specified state\n   switch    Switch branches\n   tag       Create, list, delete or verify a tag object signed with GPG\n\ncollaborate (see also: git help workflows)\n   fetch     Download objects and refs from another repository\n   pull      Fetch from and integrate with another repository or a local branch\n   push      Update remote refs along with associated objects\n\n'git help -a' and 'git help -g' list available subcommands and some\nconcept guides. See 'git help <command>' or 'git help <concept>'\nto read about a specific subcommand or concept.\nSee 'git help git' for an overview of the system.\n""
[0m22:27:00.168712 [debug] [MainThread]: STDERR: "b''"
[0m22:27:00.169712 [info ] [MainThread]:  - git [[32mOK found[0m]

[0m22:27:00.169712 [info ] [MainThread]: Connection test skipped since no profile was found
[0m22:27:00.170713 [info ] [MainThread]: [31m1 check failed:[0m
[0m22:27:00.170713 [info ] [MainThread]: Profile loading failed for the following reason:
Runtime Error
  Credentials in profile "bde_at3", target "dev" invalid: 19980804 is not of type 'string'


[0m22:27:00.171713 [debug] [MainThread]: Command `dbt debug` failed at 22:27:00.171713 after 0.09 seconds
[0m22:27:00.171713 [debug] [MainThread]: Sending event: {'category': 'dbt', 'action': 'invocation', 'label': 'end', 'context': [<snowplow_tracker.self_describing_json.SelfDescribingJson object at 0x00000256CE2AD490>, <snowplow_tracker.self_describing_json.SelfDescribingJson object at 0x00000256CDB5C150>, <snowplow_tracker.self_describing_json.SelfDescribingJson object at 0x00000256CDB5C050>]}
[0m22:27:00.171713 [debug] [MainThread]: Flushing usage events
[0m22:27:35.334121 [debug] [MainThread]: Sending event: {'category': 'dbt', 'action': 'invocation', 'label': 'start', 'context': [<snowplow_tracker.self_describing_json.SelfDescribingJson object at 0x0000021D436FCFD0>, <snowplow_tracker.self_describing_json.SelfDescribingJson object at 0x0000021D436DF410>, <snowplow_tracker.self_describing_json.SelfDescribingJson object at 0x0000021D436DDC10>]}


============================== 22:27:35.336122 | 1e72e914-805b-4e49-89c2-a64a7a539fea ==============================
[0m22:27:35.336122 [info ] [MainThread]: Running with dbt=1.6.6
[0m22:27:35.336122 [debug] [MainThread]: running dbt with arguments {'printer_width': '80', 'indirect_selection': 'eager', 'write_json': 'True', 'log_cache_events': 'False', 'partial_parse': 'True', 'cache_selected_only': 'False', 'profiles_dir': 'C:\\Users\\htw10\\.dbt', 'fail_fast': 'False', 'warn_error': 'None', 'log_path': 'C:\\Users\\htw10\\OneDrive\\Documents_chinese\\GitHub\\BDE_AT3\\bde_at3_dbt\\logs', 'debug': 'False', 'version_check': 'True', 'use_colors': 'True', 'use_experimental_parser': 'False', 'no_print': 'None', 'quiet': 'False', 'warn_error_options': 'WarnErrorOptions(include=[], exclude=[])', 'invocation_command': 'dbt debug', 'introspect': 'True', 'log_format': 'default', 'target_path': 'None', 'static_parser': 'True', 'send_anonymous_usage_stats': 'True'}
[0m22:27:35.337627 [info ] [MainThread]: dbt version: 1.6.6
[0m22:27:35.337627 [info ] [MainThread]: python version: 3.11.5
[0m22:27:35.338632 [info ] [MainThread]: python path: C:\Users\htw10\OneDrive\Documents_chinese\GitHub\BDE_AT3\.conda\python.exe
[0m22:27:35.338632 [info ] [MainThread]: os info: Windows-10-10.0.22621-SP0
[0m22:27:35.340673 [info ] [MainThread]: Using profiles dir at C:\Users\htw10\.dbt
[0m22:27:35.341679 [info ] [MainThread]: Using profiles.yml file at C:\Users\htw10\.dbt\profiles.yml
[0m22:27:35.341679 [info ] [MainThread]: Using dbt_project.yml file at C:\Users\htw10\OneDrive\Documents_chinese\GitHub\BDE_AT3\bde_at3_dbt\dbt_project.yml
[0m22:27:35.354997 [info ] [MainThread]: Configuration:
[0m22:27:35.354997 [info ] [MainThread]:   profiles.yml file [[31mERROR invalid[0m]
[0m22:27:35.355998 [info ] [MainThread]:   dbt_project.yml file [[32mOK found and valid[0m]
[0m22:27:35.355998 [info ] [MainThread]: Required dependencies:
[0m22:27:35.355998 [debug] [MainThread]: Executing "git --help"
[0m22:27:35.376024 [debug] [MainThread]: STDOUT: "b"usage: git [-v | --version] [-h | --help] [-C <path>] [-c <name>=<value>]\n           [--exec-path[=<path>]] [--html-path] [--man-path] [--info-path]\n           [-p | --paginate | -P | --no-pager] [--no-replace-objects] [--bare]\n           [--git-dir=<path>] [--work-tree=<path>] [--namespace=<name>]\n           [--config-env=<name>=<envvar>] <command> [<args>]\n\nThese are common Git commands used in various situations:\n\nstart a working area (see also: git help tutorial)\n   clone     Clone a repository into a new directory\n   init      Create an empty Git repository or reinitialize an existing one\n\nwork on the current change (see also: git help everyday)\n   add       Add file contents to the index\n   mv        Move or rename a file, a directory, or a symlink\n   restore   Restore working tree files\n   rm        Remove files from the working tree and from the index\n\nexamine the history and state (see also: git help revisions)\n   bisect    Use binary search to find the commit that introduced a bug\n   diff      Show changes between commits, commit and working tree, etc\n   grep      Print lines matching a pattern\n   log       Show commit logs\n   show      Show various types of objects\n   status    Show the working tree status\n\ngrow, mark and tweak your common history\n   branch    List, create, or delete branches\n   commit    Record changes to the repository\n   merge     Join two or more development histories together\n   rebase    Reapply commits on top of another base tip\n   reset     Reset current HEAD to the specified state\n   switch    Switch branches\n   tag       Create, list, delete or verify a tag object signed with GPG\n\ncollaborate (see also: git help workflows)\n   fetch     Download objects and refs from another repository\n   pull      Fetch from and integrate with another repository or a local branch\n   push      Update remote refs along with associated objects\n\n'git help -a' and 'git help -g' list available subcommands and some\nconcept guides. See 'git help <command>' or 'git help <concept>'\nto read about a specific subcommand or concept.\nSee 'git help git' for an overview of the system.\n""
[0m22:27:35.376024 [debug] [MainThread]: STDERR: "b''"
[0m22:27:35.377529 [info ] [MainThread]:  - git [[32mOK found[0m]

[0m22:27:35.377529 [info ] [MainThread]: Connection test skipped since no profile was found
[0m22:27:35.378536 [info ] [MainThread]: [31m1 check failed:[0m
[0m22:27:35.378536 [info ] [MainThread]: Profile loading failed for the following reason:
Runtime Error
  Could not find profile named 'bde_at3'


[0m22:27:35.379535 [debug] [MainThread]: Command `dbt debug` failed at 22:27:35.379535 after 0.07 seconds
[0m22:27:35.379535 [debug] [MainThread]: Sending event: {'category': 'dbt', 'action': 'invocation', 'label': 'end', 'context': [<snowplow_tracker.self_describing_json.SelfDescribingJson object at 0x0000021D42EAC350>, <snowplow_tracker.self_describing_json.SelfDescribingJson object at 0x0000021D3CAEEC50>, <snowplow_tracker.self_describing_json.SelfDescribingJson object at 0x0000021D3CAEF850>]}
[0m22:27:35.379535 [debug] [MainThread]: Flushing usage events
[0m22:28:29.770940 [debug] [MainThread]: Sending event: {'category': 'dbt', 'action': 'invocation', 'label': 'start', 'context': [<snowplow_tracker.self_describing_json.SelfDescribingJson object at 0x00000212AB13D810>, <snowplow_tracker.self_describing_json.SelfDescribingJson object at 0x00000212AB11DD50>, <snowplow_tracker.self_describing_json.SelfDescribingJson object at 0x00000212AB11DC10>]}


============================== 22:28:29.772942 | 138f2269-a4b0-45f8-a1ba-1d894da97ed5 ==============================
[0m22:28:29.772942 [info ] [MainThread]: Running with dbt=1.6.6
[0m22:28:29.773942 [debug] [MainThread]: running dbt with arguments {'printer_width': '80', 'indirect_selection': 'eager', 'log_cache_events': 'False', 'write_json': 'True', 'partial_parse': 'True', 'cache_selected_only': 'False', 'profiles_dir': 'C:\\Users\\htw10\\.dbt', 'fail_fast': 'False', 'version_check': 'True', 'log_path': 'C:\\Users\\htw10\\OneDrive\\Documents_chinese\\GitHub\\BDE_AT3\\bde_at3_dbt\\logs', 'warn_error': 'None', 'debug': 'False', 'use_colors': 'True', 'use_experimental_parser': 'False', 'no_print': 'None', 'quiet': 'False', 'warn_error_options': 'WarnErrorOptions(include=[], exclude=[])', 'introspect': 'True', 'static_parser': 'True', 'log_format': 'default', 'target_path': 'None', 'invocation_command': 'dbt debug', 'send_anonymous_usage_stats': 'True'}
[0m22:28:29.774944 [info ] [MainThread]: dbt version: 1.6.6
[0m22:28:29.774944 [info ] [MainThread]: python version: 3.11.5
[0m22:28:29.775942 [info ] [MainThread]: python path: C:\Users\htw10\OneDrive\Documents_chinese\GitHub\BDE_AT3\.conda\python.exe
[0m22:28:29.775942 [info ] [MainThread]: os info: Windows-10-10.0.22621-SP0
[0m22:28:29.804412 [info ] [MainThread]: Using profiles dir at C:\Users\htw10\.dbt
[0m22:28:29.804412 [info ] [MainThread]: Using profiles.yml file at C:\Users\htw10\.dbt\profiles.yml
[0m22:28:29.805411 [info ] [MainThread]: Using dbt_project.yml file at C:\Users\htw10\OneDrive\Documents_chinese\GitHub\BDE_AT3\bde_at3_dbt\dbt_project.yml
[0m22:28:29.817465 [info ] [MainThread]: Configuration:
[0m22:28:29.818461 [info ] [MainThread]:   profiles.yml file [[31mERROR invalid[0m]
[0m22:28:29.818461 [info ] [MainThread]:   dbt_project.yml file [[32mOK found and valid[0m]
[0m22:28:29.818461 [info ] [MainThread]: Required dependencies:
[0m22:28:29.819461 [debug] [MainThread]: Executing "git --help"
[0m22:28:29.842461 [debug] [MainThread]: STDOUT: "b"usage: git [-v | --version] [-h | --help] [-C <path>] [-c <name>=<value>]\n           [--exec-path[=<path>]] [--html-path] [--man-path] [--info-path]\n           [-p | --paginate | -P | --no-pager] [--no-replace-objects] [--bare]\n           [--git-dir=<path>] [--work-tree=<path>] [--namespace=<name>]\n           [--config-env=<name>=<envvar>] <command> [<args>]\n\nThese are common Git commands used in various situations:\n\nstart a working area (see also: git help tutorial)\n   clone     Clone a repository into a new directory\n   init      Create an empty Git repository or reinitialize an existing one\n\nwork on the current change (see also: git help everyday)\n   add       Add file contents to the index\n   mv        Move or rename a file, a directory, or a symlink\n   restore   Restore working tree files\n   rm        Remove files from the working tree and from the index\n\nexamine the history and state (see also: git help revisions)\n   bisect    Use binary search to find the commit that introduced a bug\n   diff      Show changes between commits, commit and working tree, etc\n   grep      Print lines matching a pattern\n   log       Show commit logs\n   show      Show various types of objects\n   status    Show the working tree status\n\ngrow, mark and tweak your common history\n   branch    List, create, or delete branches\n   commit    Record changes to the repository\n   merge     Join two or more development histories together\n   rebase    Reapply commits on top of another base tip\n   reset     Reset current HEAD to the specified state\n   switch    Switch branches\n   tag       Create, list, delete or verify a tag object signed with GPG\n\ncollaborate (see also: git help workflows)\n   fetch     Download objects and refs from another repository\n   pull      Fetch from and integrate with another repository or a local branch\n   push      Update remote refs along with associated objects\n\n'git help -a' and 'git help -g' list available subcommands and some\nconcept guides. See 'git help <command>' or 'git help <concept>'\nto read about a specific subcommand or concept.\nSee 'git help git' for an overview of the system.\n""
[0m22:28:29.842461 [debug] [MainThread]: STDERR: "b''"
[0m22:28:29.842461 [info ] [MainThread]:  - git [[32mOK found[0m]

[0m22:28:29.843462 [info ] [MainThread]: Connection test skipped since no profile was found
[0m22:28:29.843462 [info ] [MainThread]: [31m1 check failed:[0m
[0m22:28:29.844461 [info ] [MainThread]: Profile loading failed for the following reason:
Runtime Error
  Credentials in profile "bde_at3", target "dev" invalid: 19980804 is not of type 'string'


[0m22:28:29.845460 [debug] [MainThread]: Command `dbt debug` failed at 22:28:29.844461 after 0.09 seconds
[0m22:28:29.845460 [debug] [MainThread]: Sending event: {'category': 'dbt', 'action': 'invocation', 'label': 'end', 'context': [<snowplow_tracker.self_describing_json.SelfDescribingJson object at 0x00000212AAB04E10>, <snowplow_tracker.self_describing_json.SelfDescribingJson object at 0x00000212AA86C350>, <snowplow_tracker.self_describing_json.SelfDescribingJson object at 0x00000212A451EC50>]}
[0m22:28:29.845460 [debug] [MainThread]: Flushing usage events
[0m22:29:31.215580 [debug] [MainThread]: Sending event: {'category': 'dbt', 'action': 'invocation', 'label': 'start', 'context': [<snowplow_tracker.self_describing_json.SelfDescribingJson object at 0x00000271F2C0CFD0>, <snowplow_tracker.self_describing_json.SelfDescribingJson object at 0x00000271F2B0D590>, <snowplow_tracker.self_describing_json.SelfDescribingJson object at 0x00000271F2BEDF10>]}


============================== 22:29:31.217582 | 196c6a66-fcf3-4840-adeb-62d1b3f5d81c ==============================
[0m22:29:31.217582 [info ] [MainThread]: Running with dbt=1.6.6
[0m22:29:31.218582 [debug] [MainThread]: running dbt with arguments {'printer_width': '80', 'indirect_selection': 'eager', 'log_cache_events': 'False', 'write_json': 'True', 'partial_parse': 'True', 'cache_selected_only': 'False', 'warn_error': 'None', 'fail_fast': 'False', 'version_check': 'True', 'log_path': 'C:\\Users\\htw10\\OneDrive\\Documents_chinese\\GitHub\\BDE_AT3\\bde_at3\\logs', 'debug': 'False', 'profiles_dir': 'C:\\Users\\htw10\\.dbt', 'use_colors': 'True', 'use_experimental_parser': 'False', 'no_print': 'None', 'quiet': 'False', 'warn_error_options': 'WarnErrorOptions(include=[], exclude=[])', 'invocation_command': 'dbt debug', 'static_parser': 'True', 'introspect': 'True', 'target_path': 'None', 'log_format': 'default', 'send_anonymous_usage_stats': 'True'}
[0m22:29:31.218582 [info ] [MainThread]: dbt version: 1.6.6
[0m22:29:31.218582 [info ] [MainThread]: python version: 3.11.5
[0m22:29:31.219585 [info ] [MainThread]: python path: C:\Users\htw10\OneDrive\Documents_chinese\GitHub\BDE_AT3\.conda\python.exe
[0m22:29:31.219585 [info ] [MainThread]: os info: Windows-10-10.0.22621-SP0
[0m22:29:31.248360 [info ] [MainThread]: Using profiles dir at C:\Users\htw10\.dbt
[0m22:29:31.248360 [info ] [MainThread]: Using profiles.yml file at C:\Users\htw10\.dbt\profiles.yml
[0m22:29:31.249359 [info ] [MainThread]: Using dbt_project.yml file at C:\Users\htw10\OneDrive\Documents_chinese\GitHub\BDE_AT3\bde_at3\dbt_project.yml
[0m22:29:31.261936 [info ] [MainThread]: Configuration:
[0m22:29:31.261936 [info ] [MainThread]:   profiles.yml file [[31mERROR invalid[0m]
[0m22:29:31.262937 [info ] [MainThread]:   dbt_project.yml file [[32mOK found and valid[0m]
[0m22:29:31.262937 [info ] [MainThread]: Required dependencies:
[0m22:29:31.262937 [debug] [MainThread]: Executing "git --help"
[0m22:29:31.282398 [debug] [MainThread]: STDOUT: "b"usage: git [-v | --version] [-h | --help] [-C <path>] [-c <name>=<value>]\n           [--exec-path[=<path>]] [--html-path] [--man-path] [--info-path]\n           [-p | --paginate | -P | --no-pager] [--no-replace-objects] [--bare]\n           [--git-dir=<path>] [--work-tree=<path>] [--namespace=<name>]\n           [--config-env=<name>=<envvar>] <command> [<args>]\n\nThese are common Git commands used in various situations:\n\nstart a working area (see also: git help tutorial)\n   clone     Clone a repository into a new directory\n   init      Create an empty Git repository or reinitialize an existing one\n\nwork on the current change (see also: git help everyday)\n   add       Add file contents to the index\n   mv        Move or rename a file, a directory, or a symlink\n   restore   Restore working tree files\n   rm        Remove files from the working tree and from the index\n\nexamine the history and state (see also: git help revisions)\n   bisect    Use binary search to find the commit that introduced a bug\n   diff      Show changes between commits, commit and working tree, etc\n   grep      Print lines matching a pattern\n   log       Show commit logs\n   show      Show various types of objects\n   status    Show the working tree status\n\ngrow, mark and tweak your common history\n   branch    List, create, or delete branches\n   commit    Record changes to the repository\n   merge     Join two or more development histories together\n   rebase    Reapply commits on top of another base tip\n   reset     Reset current HEAD to the specified state\n   switch    Switch branches\n   tag       Create, list, delete or verify a tag object signed with GPG\n\ncollaborate (see also: git help workflows)\n   fetch     Download objects and refs from another repository\n   pull      Fetch from and integrate with another repository or a local branch\n   push      Update remote refs along with associated objects\n\n'git help -a' and 'git help -g' list available subcommands and some\nconcept guides. See 'git help <command>' or 'git help <concept>'\nto read about a specific subcommand or concept.\nSee 'git help git' for an overview of the system.\n""
[0m22:29:31.283355 [debug] [MainThread]: STDERR: "b''"
[0m22:29:31.283858 [info ] [MainThread]:  - git [[32mOK found[0m]

[0m22:29:31.283858 [info ] [MainThread]: Connection test skipped since no profile was found
[0m22:29:31.284862 [info ] [MainThread]: [31m1 check failed:[0m
[0m22:29:31.284862 [info ] [MainThread]: Profile loading failed for the following reason:
Runtime Error
  Credentials in profile "bde_at3", target "dev" invalid: 19980804 is not of type 'string'


[0m22:29:31.285862 [debug] [MainThread]: Command `dbt debug` failed at 22:29:31.285862 after 0.08 seconds
[0m22:29:31.285862 [debug] [MainThread]: Sending event: {'category': 'dbt', 'action': 'invocation', 'label': 'end', 'context': [<snowplow_tracker.self_describing_json.SelfDescribingJson object at 0x00000271F2BFA610>, <snowplow_tracker.self_describing_json.SelfDescribingJson object at 0x00000271EBF4EC50>, <snowplow_tracker.self_describing_json.SelfDescribingJson object at 0x00000271F2C72110>]}
[0m22:29:31.286862 [debug] [MainThread]: Flushing usage events
[0m22:30:09.878227 [debug] [MainThread]: Sending event: {'category': 'dbt', 'action': 'invocation', 'label': 'start', 'context': [<snowplow_tracker.self_describing_json.SelfDescribingJson object at 0x000002494689CFD0>, <snowplow_tracker.self_describing_json.SelfDescribingJson object at 0x000002494687FB50>, <snowplow_tracker.self_describing_json.SelfDescribingJson object at 0x000002494689E850>]}


============================== 22:30:09.880226 | ccc9f717-8874-40bd-a479-e502fb57f2d0 ==============================
[0m22:30:09.880226 [info ] [MainThread]: Running with dbt=1.6.6
[0m22:30:09.881225 [debug] [MainThread]: running dbt with arguments {'printer_width': '80', 'indirect_selection': 'eager', 'log_cache_events': 'False', 'write_json': 'True', 'partial_parse': 'True', 'cache_selected_only': 'False', 'warn_error': 'None', 'version_check': 'True', 'fail_fast': 'False', 'log_path': 'C:\\Users\\htw10\\OneDrive\\Documents_chinese\\GitHub\\BDE_AT3\\bde_at3\\logs', 'debug': 'False', 'profiles_dir': 'C:\\Users\\htw10\\.dbt', 'use_colors': 'True', 'use_experimental_parser': 'False', 'no_print': 'None', 'quiet': 'False', 'warn_error_options': 'WarnErrorOptions(include=[], exclude=[])', 'introspect': 'True', 'invocation_command': 'dbt debug', 'static_parser': 'True', 'target_path': 'None', 'log_format': 'default', 'send_anonymous_usage_stats': 'True'}
[0m22:30:09.881225 [info ] [MainThread]: dbt version: 1.6.6
[0m22:30:09.881225 [info ] [MainThread]: python version: 3.11.5
[0m22:30:09.882227 [info ] [MainThread]: python path: C:\Users\htw10\OneDrive\Documents_chinese\GitHub\BDE_AT3\.conda\python.exe
[0m22:30:09.882227 [info ] [MainThread]: os info: Windows-10-10.0.22621-SP0
[0m22:30:09.913738 [info ] [MainThread]: Using profiles dir at C:\Users\htw10\.dbt
[0m22:30:09.914739 [info ] [MainThread]: Using profiles.yml file at C:\Users\htw10\.dbt\profiles.yml
[0m22:30:09.914739 [info ] [MainThread]: Using dbt_project.yml file at C:\Users\htw10\OneDrive\Documents_chinese\GitHub\BDE_AT3\bde_at3\dbt_project.yml
[0m22:30:09.915739 [info ] [MainThread]: adapter type: postgres
[0m22:30:09.915739 [info ] [MainThread]: adapter version: 1.6.6
[0m22:30:09.928739 [info ] [MainThread]: Configuration:
[0m22:30:09.928739 [info ] [MainThread]:   profiles.yml file [[32mOK found and valid[0m]
[0m22:30:09.929738 [info ] [MainThread]:   dbt_project.yml file [[32mOK found and valid[0m]
[0m22:30:09.929738 [info ] [MainThread]: Required dependencies:
[0m22:30:09.929738 [debug] [MainThread]: Executing "git --help"
[0m22:30:09.950738 [debug] [MainThread]: STDOUT: "b"usage: git [-v | --version] [-h | --help] [-C <path>] [-c <name>=<value>]\n           [--exec-path[=<path>]] [--html-path] [--man-path] [--info-path]\n           [-p | --paginate | -P | --no-pager] [--no-replace-objects] [--bare]\n           [--git-dir=<path>] [--work-tree=<path>] [--namespace=<name>]\n           [--config-env=<name>=<envvar>] <command> [<args>]\n\nThese are common Git commands used in various situations:\n\nstart a working area (see also: git help tutorial)\n   clone     Clone a repository into a new directory\n   init      Create an empty Git repository or reinitialize an existing one\n\nwork on the current change (see also: git help everyday)\n   add       Add file contents to the index\n   mv        Move or rename a file, a directory, or a symlink\n   restore   Restore working tree files\n   rm        Remove files from the working tree and from the index\n\nexamine the history and state (see also: git help revisions)\n   bisect    Use binary search to find the commit that introduced a bug\n   diff      Show changes between commits, commit and working tree, etc\n   grep      Print lines matching a pattern\n   log       Show commit logs\n   show      Show various types of objects\n   status    Show the working tree status\n\ngrow, mark and tweak your common history\n   branch    List, create, or delete branches\n   commit    Record changes to the repository\n   merge     Join two or more development histories together\n   rebase    Reapply commits on top of another base tip\n   reset     Reset current HEAD to the specified state\n   switch    Switch branches\n   tag       Create, list, delete or verify a tag object signed with GPG\n\ncollaborate (see also: git help workflows)\n   fetch     Download objects and refs from another repository\n   pull      Fetch from and integrate with another repository or a local branch\n   push      Update remote refs along with associated objects\n\n'git help -a' and 'git help -g' list available subcommands and some\nconcept guides. See 'git help <command>' or 'git help <concept>'\nto read about a specific subcommand or concept.\nSee 'git help git' for an overview of the system.\n""
[0m22:30:09.950738 [debug] [MainThread]: STDERR: "b''"
[0m22:30:09.951740 [info ] [MainThread]:  - git [[32mOK found[0m]

[0m22:30:09.951740 [info ] [MainThread]: Connection:
[0m22:30:09.952739 [info ] [MainThread]:   host: 34.87.226.94
[0m22:30:09.952739 [info ] [MainThread]:   port: 5432
[0m22:30:09.952739 [info ] [MainThread]:   user: postgres
[0m22:30:09.953739 [info ] [MainThread]:   database: postgres
[0m22:30:09.953739 [info ] [MainThread]:   schema: public
[0m22:30:09.953739 [info ] [MainThread]:   connect_timeout: 10
[0m22:30:09.954739 [info ] [MainThread]:   role: None
[0m22:30:09.954739 [info ] [MainThread]:   search_path: None
[0m22:30:09.954739 [info ] [MainThread]:   keepalives_idle: 0
[0m22:30:09.955740 [info ] [MainThread]:   sslmode: None
[0m22:30:09.955740 [info ] [MainThread]:   sslcert: None
[0m22:30:09.955740 [info ] [MainThread]:   sslkey: None
[0m22:30:09.956845 [info ] [MainThread]:   sslrootcert: None
[0m22:30:09.956845 [info ] [MainThread]:   application_name: dbt
[0m22:30:09.957849 [info ] [MainThread]:   retries: 1
[0m22:30:09.957849 [info ] [MainThread]: Registered adapter: postgres=1.6.6
[0m22:30:09.958849 [debug] [MainThread]: Acquiring new postgres connection 'debug'
[0m22:30:09.958849 [debug] [MainThread]: Using postgres connection "debug"
[0m22:30:09.958849 [debug] [MainThread]: On debug: select 1 as id
[0m22:30:09.958849 [debug] [MainThread]: Opening a new connection, currently in state init
[0m22:30:10.038063 [debug] [MainThread]: SQL status: SELECT 1 in 0.0 seconds
[0m22:30:10.039064 [debug] [MainThread]: On debug: Close
[0m22:30:10.040066 [info ] [MainThread]:   Connection test: [[32mOK connection ok[0m]

[0m22:30:10.040066 [info ] [MainThread]: [32mAll checks passed![0m
[0m22:30:10.041062 [debug] [MainThread]: Command `dbt debug` succeeded at 22:30:10.041062 after 0.18 seconds
[0m22:30:10.041062 [debug] [MainThread]: Connection 'debug' was properly closed.
[0m22:30:10.041062 [debug] [MainThread]: Sending event: {'category': 'dbt', 'action': 'invocation', 'label': 'end', 'context': [<snowplow_tracker.self_describing_json.SelfDescribingJson object at 0x000002493FEA8E50>, <snowplow_tracker.self_describing_json.SelfDescribingJson object at 0x000002493FEA8D10>, <snowplow_tracker.self_describing_json.SelfDescribingJson object at 0x000002494694DF50>]}
[0m22:30:10.042061 [debug] [MainThread]: Flushing usage events
[0m22:31:23.739581 [debug] [MainThread]: Sending event: {'category': 'dbt', 'action': 'invocation', 'label': 'start', 'context': [<snowplow_tracker.self_describing_json.SelfDescribingJson object at 0x00000229A2B9CFD0>, <snowplow_tracker.self_describing_json.SelfDescribingJson object at 0x00000229A2B7F410>, <snowplow_tracker.self_describing_json.SelfDescribingJson object at 0x00000229A2B7E090>]}


============================== 22:31:23.742581 | 85518540-0805-4bf1-a6c3-db56a0a70fc5 ==============================
[0m22:31:23.742581 [info ] [MainThread]: Running with dbt=1.6.6
[0m22:31:23.742581 [debug] [MainThread]: running dbt with arguments {'printer_width': '80', 'indirect_selection': 'eager', 'write_json': 'True', 'log_cache_events': 'False', 'partial_parse': 'True', 'cache_selected_only': 'False', 'profiles_dir': 'C:\\Users\\htw10\\.dbt', 'debug': 'False', 'version_check': 'True', 'log_path': 'C:\\Users\\htw10\\OneDrive\\Documents_chinese\\GitHub\\BDE_AT3\\bde_at3_dbt\\logs', 'fail_fast': 'False', 'warn_error': 'None', 'use_colors': 'True', 'use_experimental_parser': 'False', 'no_print': 'None', 'quiet': 'False', 'warn_error_options': 'WarnErrorOptions(include=[], exclude=[])', 'introspect': 'True', 'log_format': 'default', 'invocation_command': 'dbt debug', 'target_path': 'None', 'static_parser': 'True', 'send_anonymous_usage_stats': 'True'}
[0m22:31:23.743581 [info ] [MainThread]: dbt version: 1.6.6
[0m22:31:23.743581 [info ] [MainThread]: python version: 3.11.5
[0m22:31:23.743581 [info ] [MainThread]: python path: C:\Users\htw10\OneDrive\Documents_chinese\GitHub\BDE_AT3\.conda\python.exe
[0m22:31:23.744581 [info ] [MainThread]: os info: Windows-10-10.0.22621-SP0
[0m22:31:23.775092 [info ] [MainThread]: Using profiles dir at C:\Users\htw10\.dbt
[0m22:31:23.775092 [info ] [MainThread]: Using profiles.yml file at C:\Users\htw10\.dbt\profiles.yml
[0m22:31:23.776093 [info ] [MainThread]: Using dbt_project.yml file at C:\Users\htw10\OneDrive\Documents_chinese\GitHub\BDE_AT3\bde_at3_dbt\dbt_project.yml
[0m22:31:23.777093 [info ] [MainThread]: adapter type: postgres
[0m22:31:23.777093 [info ] [MainThread]: adapter version: 1.6.6
[0m22:31:23.789094 [info ] [MainThread]: Configuration:
[0m22:31:23.790093 [info ] [MainThread]:   profiles.yml file [[32mOK found and valid[0m]
[0m22:31:23.790093 [info ] [MainThread]:   dbt_project.yml file [[32mOK found and valid[0m]
[0m22:31:23.791093 [info ] [MainThread]: Required dependencies:
[0m22:31:23.791093 [debug] [MainThread]: Executing "git --help"
[0m22:31:23.811094 [debug] [MainThread]: STDOUT: "b"usage: git [-v | --version] [-h | --help] [-C <path>] [-c <name>=<value>]\n           [--exec-path[=<path>]] [--html-path] [--man-path] [--info-path]\n           [-p | --paginate | -P | --no-pager] [--no-replace-objects] [--bare]\n           [--git-dir=<path>] [--work-tree=<path>] [--namespace=<name>]\n           [--config-env=<name>=<envvar>] <command> [<args>]\n\nThese are common Git commands used in various situations:\n\nstart a working area (see also: git help tutorial)\n   clone     Clone a repository into a new directory\n   init      Create an empty Git repository or reinitialize an existing one\n\nwork on the current change (see also: git help everyday)\n   add       Add file contents to the index\n   mv        Move or rename a file, a directory, or a symlink\n   restore   Restore working tree files\n   rm        Remove files from the working tree and from the index\n\nexamine the history and state (see also: git help revisions)\n   bisect    Use binary search to find the commit that introduced a bug\n   diff      Show changes between commits, commit and working tree, etc\n   grep      Print lines matching a pattern\n   log       Show commit logs\n   show      Show various types of objects\n   status    Show the working tree status\n\ngrow, mark and tweak your common history\n   branch    List, create, or delete branches\n   commit    Record changes to the repository\n   merge     Join two or more development histories together\n   rebase    Reapply commits on top of another base tip\n   reset     Reset current HEAD to the specified state\n   switch    Switch branches\n   tag       Create, list, delete or verify a tag object signed with GPG\n\ncollaborate (see also: git help workflows)\n   fetch     Download objects and refs from another repository\n   pull      Fetch from and integrate with another repository or a local branch\n   push      Update remote refs along with associated objects\n\n'git help -a' and 'git help -g' list available subcommands and some\nconcept guides. See 'git help <command>' or 'git help <concept>'\nto read about a specific subcommand or concept.\nSee 'git help git' for an overview of the system.\n""
[0m22:31:23.811094 [debug] [MainThread]: STDERR: "b''"
[0m22:31:23.812094 [info ] [MainThread]:  - git [[32mOK found[0m]

[0m22:31:23.812094 [info ] [MainThread]: Connection:
[0m22:31:23.813094 [info ] [MainThread]:   host: 34.87.226.94
[0m22:31:23.813094 [info ] [MainThread]:   port: 5432
[0m22:31:23.814094 [info ] [MainThread]:   user: postgres
[0m22:31:23.814094 [info ] [MainThread]:   database: postgres
[0m22:31:23.814094 [info ] [MainThread]:   schema: public
[0m22:31:23.815094 [info ] [MainThread]:   connect_timeout: 10
[0m22:31:23.815094 [info ] [MainThread]:   role: None
[0m22:31:23.815094 [info ] [MainThread]:   search_path: None
[0m22:31:23.815094 [info ] [MainThread]:   keepalives_idle: 0
[0m22:31:23.816428 [info ] [MainThread]:   sslmode: None
[0m22:31:23.816428 [info ] [MainThread]:   sslcert: None
[0m22:31:23.817433 [info ] [MainThread]:   sslkey: None
[0m22:31:23.817433 [info ] [MainThread]:   sslrootcert: None
[0m22:31:23.817433 [info ] [MainThread]:   application_name: dbt
[0m22:31:23.818433 [info ] [MainThread]:   retries: 1
[0m22:31:23.818433 [info ] [MainThread]: Registered adapter: postgres=1.6.6
[0m22:31:23.818433 [debug] [MainThread]: Acquiring new postgres connection 'debug'
[0m22:31:23.819432 [debug] [MainThread]: Using postgres connection "debug"
[0m22:31:23.819432 [debug] [MainThread]: On debug: select 1 as id
[0m22:31:23.819432 [debug] [MainThread]: Opening a new connection, currently in state init
[0m22:31:23.889963 [debug] [MainThread]: SQL status: SELECT 1 in 0.0 seconds
[0m22:31:23.890963 [debug] [MainThread]: On debug: Close
[0m22:31:23.890963 [info ] [MainThread]:   Connection test: [[32mOK connection ok[0m]

[0m22:31:23.891963 [info ] [MainThread]: [32mAll checks passed![0m
[0m22:31:23.891963 [debug] [MainThread]: Command `dbt debug` succeeded at 22:31:23.891963 after 0.16 seconds
[0m22:31:23.891963 [debug] [MainThread]: Connection 'debug' was properly closed.
[0m22:31:23.892962 [debug] [MainThread]: Sending event: {'category': 'dbt', 'action': 'invocation', 'label': 'end', 'context': [<snowplow_tracker.self_describing_json.SelfDescribingJson object at 0x00000229A22BCA10>, <snowplow_tracker.self_describing_json.SelfDescribingJson object at 0x000002299C198D10>, <snowplow_tracker.self_describing_json.SelfDescribingJson object at 0x000002299C198D90>]}
[0m22:31:23.892962 [debug] [MainThread]: Flushing usage events
[0m22:31:38.168742 [debug] [MainThread]: Sending event: {'category': 'dbt', 'action': 'invocation', 'label': 'start', 'context': [<snowplow_tracker.self_describing_json.SelfDescribingJson object at 0x00000217C4838CD0>, <snowplow_tracker.self_describing_json.SelfDescribingJson object at 0x00000217C3FE8590>, <snowplow_tracker.self_describing_json.SelfDescribingJson object at 0x00000217C481DC10>]}


============================== 22:31:38.171247 | 4ef12f07-f908-427a-9fc8-f001907168e4 ==============================
[0m22:31:38.171247 [info ] [MainThread]: Running with dbt=1.6.6
[0m22:31:38.172248 [debug] [MainThread]: running dbt with arguments {'printer_width': '80', 'indirect_selection': 'eager', 'log_cache_events': 'False', 'write_json': 'True', 'partial_parse': 'True', 'cache_selected_only': 'False', 'warn_error': 'None', 'debug': 'False', 'version_check': 'True', 'log_path': 'C:\\Users\\htw10\\OneDrive\\Documents_chinese\\GitHub\\BDE_AT3\\bde_at3_dbt\\logs', 'fail_fast': 'False', 'profiles_dir': 'C:\\Users\\htw10\\.dbt', 'use_colors': 'True', 'use_experimental_parser': 'False', 'no_print': 'None', 'quiet': 'False', 'log_format': 'default', 'introspect': 'True', 'invocation_command': 'dbt debug', 'static_parser': 'True', 'target_path': 'None', 'warn_error_options': 'WarnErrorOptions(include=[], exclude=[])', 'send_anonymous_usage_stats': 'True'}
[0m22:31:38.172248 [info ] [MainThread]: dbt version: 1.6.6
[0m22:31:38.172248 [info ] [MainThread]: python version: 3.11.5
[0m22:31:38.173248 [info ] [MainThread]: python path: C:\Users\htw10\OneDrive\Documents_chinese\GitHub\BDE_AT3\.conda\python.exe
[0m22:31:38.173248 [info ] [MainThread]: os info: Windows-10-10.0.22621-SP0
[0m22:31:38.175247 [info ] [MainThread]: Using profiles dir at C:\Users\htw10\.dbt
[0m22:31:38.176247 [info ] [MainThread]: Using profiles.yml file at C:\Users\htw10\.dbt\profiles.yml
[0m22:31:38.176247 [info ] [MainThread]: Using dbt_project.yml file at C:\Users\htw10\OneDrive\Documents_chinese\GitHub\BDE_AT3\bde_at3_dbt\dbt_project.yml
[0m22:31:38.188249 [info ] [MainThread]: Configuration:
[0m22:31:38.189248 [info ] [MainThread]:   profiles.yml file [[31mERROR invalid[0m]
[0m22:31:38.189248 [info ] [MainThread]:   dbt_project.yml file [[32mOK found and valid[0m]
[0m22:31:38.190248 [info ] [MainThread]: Required dependencies:
[0m22:31:38.190248 [debug] [MainThread]: Executing "git --help"
[0m22:31:38.209069 [debug] [MainThread]: STDOUT: "b"usage: git [-v | --version] [-h | --help] [-C <path>] [-c <name>=<value>]\n           [--exec-path[=<path>]] [--html-path] [--man-path] [--info-path]\n           [-p | --paginate | -P | --no-pager] [--no-replace-objects] [--bare]\n           [--git-dir=<path>] [--work-tree=<path>] [--namespace=<name>]\n           [--config-env=<name>=<envvar>] <command> [<args>]\n\nThese are common Git commands used in various situations:\n\nstart a working area (see also: git help tutorial)\n   clone     Clone a repository into a new directory\n   init      Create an empty Git repository or reinitialize an existing one\n\nwork on the current change (see also: git help everyday)\n   add       Add file contents to the index\n   mv        Move or rename a file, a directory, or a symlink\n   restore   Restore working tree files\n   rm        Remove files from the working tree and from the index\n\nexamine the history and state (see also: git help revisions)\n   bisect    Use binary search to find the commit that introduced a bug\n   diff      Show changes between commits, commit and working tree, etc\n   grep      Print lines matching a pattern\n   log       Show commit logs\n   show      Show various types of objects\n   status    Show the working tree status\n\ngrow, mark and tweak your common history\n   branch    List, create, or delete branches\n   commit    Record changes to the repository\n   merge     Join two or more development histories together\n   rebase    Reapply commits on top of another base tip\n   reset     Reset current HEAD to the specified state\n   switch    Switch branches\n   tag       Create, list, delete or verify a tag object signed with GPG\n\ncollaborate (see also: git help workflows)\n   fetch     Download objects and refs from another repository\n   pull      Fetch from and integrate with another repository or a local branch\n   push      Update remote refs along with associated objects\n\n'git help -a' and 'git help -g' list available subcommands and some\nconcept guides. See 'git help <command>' or 'git help <concept>'\nto read about a specific subcommand or concept.\nSee 'git help git' for an overview of the system.\n""
[0m22:31:38.209069 [debug] [MainThread]: STDERR: "b''"
[0m22:31:38.210068 [info ] [MainThread]:  - git [[32mOK found[0m]

[0m22:31:38.210068 [info ] [MainThread]: Connection test skipped since no profile was found
[0m22:31:38.210068 [info ] [MainThread]: [31m1 check failed:[0m
[0m22:31:38.211069 [info ] [MainThread]: Profile loading failed for the following reason:
Runtime Error
  Could not find profile named 'bde_at3'


[0m22:31:38.212070 [debug] [MainThread]: Command `dbt debug` failed at 22:31:38.212070 after 0.06 seconds
[0m22:31:38.212070 [debug] [MainThread]: Sending event: {'category': 'dbt', 'action': 'invocation', 'label': 'end', 'context': [<snowplow_tracker.self_describing_json.SelfDescribingJson object at 0x00000217C481DA50>, <snowplow_tracker.self_describing_json.SelfDescribingJson object at 0x00000217C481FB50>, <snowplow_tracker.self_describing_json.SelfDescribingJson object at 0x00000217BDB8EC50>]}
[0m22:31:38.212070 [debug] [MainThread]: Flushing usage events
[0m22:31:49.851703 [debug] [MainThread]: Sending event: {'category': 'dbt', 'action': 'invocation', 'label': 'start', 'context': [<snowplow_tracker.self_describing_json.SelfDescribingJson object at 0x00000289D40BFB50>, <snowplow_tracker.self_describing_json.SelfDescribingJson object at 0x00000289D37A0D10>, <snowplow_tracker.self_describing_json.SelfDescribingJson object at 0x00000289D409F410>]}


============================== 22:31:49.853703 | 7d94cda1-d602-437d-aa12-df4ab0091cbb ==============================
[0m22:31:49.853703 [info ] [MainThread]: Running with dbt=1.6.6
[0m22:31:49.854703 [debug] [MainThread]: running dbt with arguments {'printer_width': '80', 'indirect_selection': 'eager', 'write_json': 'True', 'log_cache_events': 'False', 'partial_parse': 'True', 'cache_selected_only': 'False', 'warn_error': 'None', 'fail_fast': 'False', 'version_check': 'True', 'log_path': 'C:\\Users\\htw10\\OneDrive\\Documents_chinese\\GitHub\\BDE_AT3\\bde_at3_dbt\\logs', 'debug': 'False', 'profiles_dir': 'C:\\Users\\htw10\\.dbt', 'use_colors': 'True', 'use_experimental_parser': 'False', 'no_print': 'None', 'quiet': 'False', 'log_format': 'default', 'introspect': 'True', 'invocation_command': 'dbt debug', 'static_parser': 'True', 'target_path': 'None', 'warn_error_options': 'WarnErrorOptions(include=[], exclude=[])', 'send_anonymous_usage_stats': 'True'}
[0m22:31:49.855206 [info ] [MainThread]: dbt version: 1.6.6
[0m22:31:49.855206 [info ] [MainThread]: python version: 3.11.5
[0m22:31:49.855206 [info ] [MainThread]: python path: C:\Users\htw10\OneDrive\Documents_chinese\GitHub\BDE_AT3\.conda\python.exe
[0m22:31:49.856210 [info ] [MainThread]: os info: Windows-10-10.0.22621-SP0
[0m22:31:49.887785 [info ] [MainThread]: Using profiles dir at C:\Users\htw10\.dbt
[0m22:31:49.888785 [info ] [MainThread]: Using profiles.yml file at C:\Users\htw10\.dbt\profiles.yml
[0m22:31:49.888785 [info ] [MainThread]: Using dbt_project.yml file at C:\Users\htw10\OneDrive\Documents_chinese\GitHub\BDE_AT3\bde_at3_dbt\dbt_project.yml
[0m22:31:49.889785 [info ] [MainThread]: adapter type: postgres
[0m22:31:49.889785 [info ] [MainThread]: adapter version: 1.6.6
[0m22:31:49.903194 [info ] [MainThread]: Configuration:
[0m22:31:49.903194 [info ] [MainThread]:   profiles.yml file [[32mOK found and valid[0m]
[0m22:31:49.903194 [info ] [MainThread]:   dbt_project.yml file [[32mOK found and valid[0m]
[0m22:31:49.904698 [info ] [MainThread]: Required dependencies:
[0m22:31:49.904698 [debug] [MainThread]: Executing "git --help"
[0m22:31:49.923161 [debug] [MainThread]: STDOUT: "b"usage: git [-v | --version] [-h | --help] [-C <path>] [-c <name>=<value>]\n           [--exec-path[=<path>]] [--html-path] [--man-path] [--info-path]\n           [-p | --paginate | -P | --no-pager] [--no-replace-objects] [--bare]\n           [--git-dir=<path>] [--work-tree=<path>] [--namespace=<name>]\n           [--config-env=<name>=<envvar>] <command> [<args>]\n\nThese are common Git commands used in various situations:\n\nstart a working area (see also: git help tutorial)\n   clone     Clone a repository into a new directory\n   init      Create an empty Git repository or reinitialize an existing one\n\nwork on the current change (see also: git help everyday)\n   add       Add file contents to the index\n   mv        Move or rename a file, a directory, or a symlink\n   restore   Restore working tree files\n   rm        Remove files from the working tree and from the index\n\nexamine the history and state (see also: git help revisions)\n   bisect    Use binary search to find the commit that introduced a bug\n   diff      Show changes between commits, commit and working tree, etc\n   grep      Print lines matching a pattern\n   log       Show commit logs\n   show      Show various types of objects\n   status    Show the working tree status\n\ngrow, mark and tweak your common history\n   branch    List, create, or delete branches\n   commit    Record changes to the repository\n   merge     Join two or more development histories together\n   rebase    Reapply commits on top of another base tip\n   reset     Reset current HEAD to the specified state\n   switch    Switch branches\n   tag       Create, list, delete or verify a tag object signed with GPG\n\ncollaborate (see also: git help workflows)\n   fetch     Download objects and refs from another repository\n   pull      Fetch from and integrate with another repository or a local branch\n   push      Update remote refs along with associated objects\n\n'git help -a' and 'git help -g' list available subcommands and some\nconcept guides. See 'git help <command>' or 'git help <concept>'\nto read about a specific subcommand or concept.\nSee 'git help git' for an overview of the system.\n""
[0m22:31:49.924664 [debug] [MainThread]: STDERR: "b''"
[0m22:31:49.924664 [info ] [MainThread]:  - git [[32mOK found[0m]

[0m22:31:49.924664 [info ] [MainThread]: Connection:
[0m22:31:49.925976 [info ] [MainThread]:   host: 34.87.226.94
[0m22:31:49.925976 [info ] [MainThread]:   port: 5432
[0m22:31:49.925976 [info ] [MainThread]:   user: postgres
[0m22:31:49.925976 [info ] [MainThread]:   database: postgres
[0m22:31:49.926979 [info ] [MainThread]:   schema: public
[0m22:31:49.926979 [info ] [MainThread]:   connect_timeout: 10
[0m22:31:49.927981 [info ] [MainThread]:   role: None
[0m22:31:49.927981 [info ] [MainThread]:   search_path: None
[0m22:31:49.927981 [info ] [MainThread]:   keepalives_idle: 0
[0m22:31:49.928979 [info ] [MainThread]:   sslmode: None
[0m22:31:49.928979 [info ] [MainThread]:   sslcert: None
[0m22:31:49.928979 [info ] [MainThread]:   sslkey: None
[0m22:31:49.929979 [info ] [MainThread]:   sslrootcert: None
[0m22:31:49.929979 [info ] [MainThread]:   application_name: dbt
[0m22:31:49.930980 [info ] [MainThread]:   retries: 1
[0m22:31:49.930980 [info ] [MainThread]: Registered adapter: postgres=1.6.6
[0m22:31:49.930980 [debug] [MainThread]: Acquiring new postgres connection 'debug'
[0m22:31:49.931980 [debug] [MainThread]: Using postgres connection "debug"
[0m22:31:49.931980 [debug] [MainThread]: On debug: select 1 as id
[0m22:31:49.931980 [debug] [MainThread]: Opening a new connection, currently in state init
[0m22:31:50.008424 [debug] [MainThread]: SQL status: SELECT 1 in 0.0 seconds
[0m22:31:50.010426 [debug] [MainThread]: On debug: Close
[0m22:31:50.011426 [info ] [MainThread]:   Connection test: [[32mOK connection ok[0m]

[0m22:31:50.012426 [info ] [MainThread]: [32mAll checks passed![0m
[0m22:31:50.013426 [debug] [MainThread]: Command `dbt debug` succeeded at 22:31:50.013426 after 0.18 seconds
[0m22:31:50.014933 [debug] [MainThread]: Connection 'debug' was properly closed.
[0m22:31:50.014933 [debug] [MainThread]: Sending event: {'category': 'dbt', 'action': 'invocation', 'label': 'end', 'context': [<snowplow_tracker.self_describing_json.SelfDescribingJson object at 0x00000289D3CACE50>, <snowplow_tracker.self_describing_json.SelfDescribingJson object at 0x00000289D32EF590>, <snowplow_tracker.self_describing_json.SelfDescribingJson object at 0x00000289D330E910>]}
[0m22:31:50.015940 [debug] [MainThread]: Flushing usage events
[0m20:41:30.014253 [debug] [MainThread]: Sending event: {'category': 'dbt', 'action': 'invocation', 'label': 'start', 'context': [<snowplow_tracker.self_describing_json.SelfDescribingJson object at 0x00000250E26D1BD0>, <snowplow_tracker.self_describing_json.SelfDescribingJson object at 0x00000250E24EFD50>, <snowplow_tracker.self_describing_json.SelfDescribingJson object at 0x00000250E26CF210>]}


============================== 20:41:30.029294 | 56c421e4-be9a-49a5-bb70-2f2405fec20f ==============================
[0m20:41:30.029294 [info ] [MainThread]: Running with dbt=1.6.6
[0m20:41:30.029294 [debug] [MainThread]: running dbt with arguments {'printer_width': '80', 'indirect_selection': 'eager', 'log_cache_events': 'False', 'write_json': 'True', 'partial_parse': 'True', 'cache_selected_only': 'False', 'profiles_dir': 'C:\\Users\\htw10\\.dbt', 'version_check': 'True', 'warn_error': 'None', 'log_path': 'C:\\Users\\htw10\\OneDrive\\Documents_chinese\\GitHub\\BDE_AT3\\bde_at3_dbt\\logs', 'fail_fast': 'False', 'debug': 'False', 'use_colors': 'True', 'use_experimental_parser': 'False', 'no_print': 'None', 'quiet': 'False', 'warn_error_options': 'WarnErrorOptions(include=[], exclude=[])', 'static_parser': 'True', 'log_format': 'default', 'introspect': 'True', 'target_path': 'None', 'invocation_command': 'dbt run', 'send_anonymous_usage_stats': 'True'}
[0m20:41:30.095830 [debug] [MainThread]: Sending event: {'category': 'dbt', 'action': 'project_id', 'label': '56c421e4-be9a-49a5-bb70-2f2405fec20f', 'context': [<snowplow_tracker.self_describing_json.SelfDescribingJson object at 0x00000250DFE10750>]}
[0m20:41:30.104364 [debug] [MainThread]: Sending event: {'category': 'dbt', 'action': 'adapter_info', 'label': '56c421e4-be9a-49a5-bb70-2f2405fec20f', 'context': [<snowplow_tracker.self_describing_json.SelfDescribingJson object at 0x00000250E27A7ED0>]}
[0m20:41:30.104364 [info ] [MainThread]: Registered adapter: postgres=1.6.6
[0m20:41:30.114274 [debug] [MainThread]: checksum: 546b81fb56652c304d87abd676e84d4737d8a0c6b62160f4a6e79dcddbc842bb, vars: {}, profile: , target: , version: 1.6.6
[0m20:41:30.115278 [info ] [MainThread]: Unable to do partial parsing because saved manifest not found. Starting full parse.
[0m20:41:30.115278 [debug] [MainThread]: Sending event: {'category': 'dbt', 'action': 'partial_parser', 'label': '56c421e4-be9a-49a5-bb70-2f2405fec20f', 'context': [<snowplow_tracker.self_describing_json.SelfDescribingJson object at 0x00000250E27A7E10>]}
[0m20:41:30.809830 [debug] [MainThread]: Sending event: {'category': 'dbt', 'action': 'load_project', 'label': '56c421e4-be9a-49a5-bb70-2f2405fec20f', 'context': [<snowplow_tracker.self_describing_json.SelfDescribingJson object at 0x00000250E28B0250>]}
[0m20:41:30.814333 [debug] [MainThread]: Sending event: {'category': 'dbt', 'action': 'resource_counts', 'label': '56c421e4-be9a-49a5-bb70-2f2405fec20f', 'context': [<snowplow_tracker.self_describing_json.SelfDescribingJson object at 0x00000250E292AC90>]}
[0m20:41:30.814333 [info ] [MainThread]: Found 2 models, 4 tests, 0 sources, 0 exposures, 0 metrics, 352 macros, 0 groups, 0 semantic models
[0m20:41:30.814333 [debug] [MainThread]: Sending event: {'category': 'dbt', 'action': 'runnable_timing', 'label': '56c421e4-be9a-49a5-bb70-2f2405fec20f', 'context': [<snowplow_tracker.self_describing_json.SelfDescribingJson object at 0x00000250DE4202D0>]}
[0m20:41:30.814333 [info ] [MainThread]: 
[0m20:41:30.814333 [debug] [MainThread]: Acquiring new postgres connection 'master'
[0m20:41:30.822869 [debug] [ThreadPool]: Acquiring new postgres connection 'list_postgres'
[0m20:41:30.828649 [debug] [ThreadPool]: Using postgres connection "list_postgres"
[0m20:41:30.828649 [debug] [ThreadPool]: On list_postgres: /* {"app": "dbt", "dbt_version": "1.6.6", "profile_name": "bde_at3", "target_name": "dev", "connection_name": "list_postgres"} */

    select distinct nspname from pg_namespace
  
[0m20:41:30.829649 [debug] [ThreadPool]: Opening a new connection, currently in state init
[0m20:41:40.836530 [debug] [ThreadPool]: Postgres adapter: Got a retryable error when attempting to open a postgres connection.
1 attempts remaining. Retrying in 0 seconds.
Error:
connection to server at "34.87.226.94", port 5432 failed: timeout expired

[0m20:41:50.845384 [debug] [ThreadPool]: Postgres adapter: Error running SQL: /* {"app": "dbt", "dbt_version": "1.6.6", "profile_name": "bde_at3", "target_name": "dev", "connection_name": "list_postgres"} */

    select distinct nspname from pg_namespace
  
[0m20:41:50.845384 [debug] [ThreadPool]: Postgres adapter: Rolling back transaction.
[0m20:41:50.845384 [debug] [ThreadPool]: Postgres adapter: Error running SQL: macro list_schemas
[0m20:41:50.845384 [debug] [ThreadPool]: Postgres adapter: Rolling back transaction.
[0m20:41:50.845384 [debug] [ThreadPool]: On list_postgres: No close available on handle
[0m20:41:50.845384 [debug] [MainThread]: Connection 'master' was properly closed.
[0m20:41:50.845384 [debug] [MainThread]: Connection 'list_postgres' was properly closed.
[0m20:41:50.845384 [info ] [MainThread]: 
[0m20:41:50.845384 [info ] [MainThread]: Finished running  in 0 hours 0 minutes and 20.03 seconds (20.03s).
[0m20:41:50.845384 [error] [MainThread]: Encountered an error:

[0m20:41:50.902377 [error] [MainThread]: Traceback (most recent call last):
  File "C:\Users\htw10\OneDrive\Documents_chinese\GitHub\BDE_AT3\.conda\Lib\site-packages\dbt\cli\requires.py", line 87, in wrapper
    result, success = func(*args, **kwargs)
                      ^^^^^^^^^^^^^^^^^^^^^
  File "C:\Users\htw10\OneDrive\Documents_chinese\GitHub\BDE_AT3\.conda\Lib\site-packages\dbt\cli\requires.py", line 72, in wrapper
    return func(*args, **kwargs)
           ^^^^^^^^^^^^^^^^^^^^^
  File "C:\Users\htw10\OneDrive\Documents_chinese\GitHub\BDE_AT3\.conda\Lib\site-packages\dbt\cli\requires.py", line 143, in wrapper
    return func(*args, **kwargs)
           ^^^^^^^^^^^^^^^^^^^^^
  File "C:\Users\htw10\OneDrive\Documents_chinese\GitHub\BDE_AT3\.conda\Lib\site-packages\dbt\cli\requires.py", line 172, in wrapper
    return func(*args, **kwargs)
           ^^^^^^^^^^^^^^^^^^^^^
  File "C:\Users\htw10\OneDrive\Documents_chinese\GitHub\BDE_AT3\.conda\Lib\site-packages\dbt\cli\requires.py", line 219, in wrapper
    return func(*args, **kwargs)
           ^^^^^^^^^^^^^^^^^^^^^
  File "C:\Users\htw10\OneDrive\Documents_chinese\GitHub\BDE_AT3\.conda\Lib\site-packages\dbt\cli\requires.py", line 259, in wrapper
    return func(*args, **kwargs)
           ^^^^^^^^^^^^^^^^^^^^^
  File "C:\Users\htw10\OneDrive\Documents_chinese\GitHub\BDE_AT3\.conda\Lib\site-packages\dbt\cli\main.py", line 595, in run
    results = task.run()
              ^^^^^^^^^^
  File "C:\Users\htw10\OneDrive\Documents_chinese\GitHub\BDE_AT3\.conda\Lib\site-packages\dbt\task\runnable.py", line 469, in run
    result = self.execute_with_hooks(selected_uids)
             ^^^^^^^^^^^^^^^^^^^^^^^^^^^^^^^^^^^^^^
  File "C:\Users\htw10\OneDrive\Documents_chinese\GitHub\BDE_AT3\.conda\Lib\site-packages\dbt\task\runnable.py", line 429, in execute_with_hooks
    self.before_run(adapter, selected_uids)
  File "C:\Users\htw10\OneDrive\Documents_chinese\GitHub\BDE_AT3\.conda\Lib\site-packages\dbt\task\run.py", line 446, in before_run
    self.create_schemas(adapter, required_schemas)
  File "C:\Users\htw10\OneDrive\Documents_chinese\GitHub\BDE_AT3\.conda\Lib\site-packages\dbt\task\runnable.py", line 567, in create_schemas
    for ls_future in as_completed(list_futures):
  File "C:\Users\htw10\OneDrive\Documents_chinese\GitHub\BDE_AT3\.conda\Lib\concurrent\futures\_base.py", line 243, in as_completed
    waiter.event.wait(wait_timeout)
  File "C:\Users\htw10\OneDrive\Documents_chinese\GitHub\BDE_AT3\.conda\Lib\threading.py", line 622, in wait
    signaled = self._cond.wait(timeout)
               ^^^^^^^^^^^^^^^^^^^^^^^^
  File "C:\Users\htw10\OneDrive\Documents_chinese\GitHub\BDE_AT3\.conda\Lib\threading.py", line 320, in wait
    waiter.acquire()
KeyboardInterrupt

[0m20:41:50.904381 [debug] [MainThread]: Command `dbt run` failed at 20:41:50.904381 after 20.90 seconds
[0m20:41:50.904381 [debug] [MainThread]: Sending event: {'category': 'dbt', 'action': 'invocation', 'label': 'end', 'context': [<snowplow_tracker.self_describing_json.SelfDescribingJson object at 0x00000250E26BCD50>, <snowplow_tracker.self_describing_json.SelfDescribingJson object at 0x00000250DB92C1D0>, <snowplow_tracker.self_describing_json.SelfDescribingJson object at 0x00000250E26D72D0>]}
[0m20:41:50.904381 [debug] [MainThread]: Flushing usage events
[0m20:42:38.353544 [debug] [MainThread]: Sending event: {'category': 'dbt', 'action': 'invocation', 'label': 'start', 'context': [<snowplow_tracker.self_describing_json.SelfDescribingJson object at 0x00000186AD58C490>, <snowplow_tracker.self_describing_json.SelfDescribingJson object at 0x00000186AD3BFD50>, <snowplow_tracker.self_describing_json.SelfDescribingJson object at 0x00000186AD59B090>]}


============================== 20:42:38.354549 | f9a4c2ed-3009-4050-a9a9-71efee87cc29 ==============================
[0m20:42:38.354549 [info ] [MainThread]: Running with dbt=1.6.6
[0m20:42:38.354549 [debug] [MainThread]: running dbt with arguments {'printer_width': '80', 'indirect_selection': 'eager', 'write_json': 'True', 'log_cache_events': 'False', 'partial_parse': 'True', 'cache_selected_only': 'False', 'profiles_dir': 'C:\\Users\\htw10\\.dbt', 'fail_fast': 'False', 'warn_error': 'None', 'log_path': 'C:\\Users\\htw10\\OneDrive\\Documents_chinese\\GitHub\\BDE_AT3\\bde_at3_dbt\\logs', 'debug': 'False', 'version_check': 'True', 'use_colors': 'True', 'use_experimental_parser': 'False', 'no_print': 'None', 'quiet': 'False', 'warn_error_options': 'WarnErrorOptions(include=[], exclude=[])', 'introspect': 'True', 'log_format': 'default', 'invocation_command': 'dbt run', 'target_path': 'None', 'static_parser': 'True', 'send_anonymous_usage_stats': 'True'}
[0m20:42:38.414140 [debug] [MainThread]: Sending event: {'category': 'dbt', 'action': 'project_id', 'label': 'f9a4c2ed-3009-4050-a9a9-71efee87cc29', 'context': [<snowplow_tracker.self_describing_json.SelfDescribingJson object at 0x00000186AD65FA10>]}
[0m20:42:38.423471 [debug] [MainThread]: Sending event: {'category': 'dbt', 'action': 'adapter_info', 'label': 'f9a4c2ed-3009-4050-a9a9-71efee87cc29', 'context': [<snowplow_tracker.self_describing_json.SelfDescribingJson object at 0x00000186AD3BFB90>]}
[0m20:42:38.424474 [info ] [MainThread]: Registered adapter: postgres=1.6.6
[0m20:42:38.430483 [debug] [MainThread]: checksum: 546b81fb56652c304d87abd676e84d4737d8a0c6b62160f4a6e79dcddbc842bb, vars: {}, profile: , target: , version: 1.6.6
[0m20:42:38.461945 [debug] [MainThread]: Partial parsing enabled: 0 files deleted, 0 files added, 0 files changed.
[0m20:42:38.461945 [debug] [MainThread]: Partial parsing enabled, no changes found, skipping parsing
[0m20:42:38.465455 [debug] [MainThread]: Sending event: {'category': 'dbt', 'action': 'load_project', 'label': 'f9a4c2ed-3009-4050-a9a9-71efee87cc29', 'context': [<snowplow_tracker.self_describing_json.SelfDescribingJson object at 0x00000186AD77C610>]}
[0m20:42:38.466766 [debug] [MainThread]: Sending event: {'category': 'dbt', 'action': 'resource_counts', 'label': 'f9a4c2ed-3009-4050-a9a9-71efee87cc29', 'context': [<snowplow_tracker.self_describing_json.SelfDescribingJson object at 0x00000186AD6B5190>]}
[0m20:42:38.466766 [info ] [MainThread]: Found 2 models, 4 tests, 0 sources, 0 exposures, 0 metrics, 352 macros, 0 groups, 0 semantic models
[0m20:42:38.472581 [debug] [MainThread]: Sending event: {'category': 'dbt', 'action': 'runnable_timing', 'label': 'f9a4c2ed-3009-4050-a9a9-71efee87cc29', 'context': [<snowplow_tracker.self_describing_json.SelfDescribingJson object at 0x00000186AD5A6E50>]}
[0m20:42:38.473584 [info ] [MainThread]: 
[0m20:42:38.473584 [debug] [MainThread]: Acquiring new postgres connection 'master'
[0m20:42:38.475094 [debug] [ThreadPool]: Acquiring new postgres connection 'list_postgres'
[0m20:42:38.481730 [debug] [ThreadPool]: Using postgres connection "list_postgres"
[0m20:42:38.481730 [debug] [ThreadPool]: On list_postgres: /* {"app": "dbt", "dbt_version": "1.6.6", "profile_name": "bde_at3", "target_name": "dev", "connection_name": "list_postgres"} */

    select distinct nspname from pg_namespace
  
[0m20:42:38.481730 [debug] [ThreadPool]: Opening a new connection, currently in state init
[0m20:42:48.486448 [debug] [ThreadPool]: Postgres adapter: Got a retryable error when attempting to open a postgres connection.
1 attempts remaining. Retrying in 0 seconds.
Error:
connection to server at "34.87.226.94", port 5432 failed: timeout expired

[0m20:42:58.492801 [debug] [ThreadPool]: Postgres adapter: Error running SQL: /* {"app": "dbt", "dbt_version": "1.6.6", "profile_name": "bde_at3", "target_name": "dev", "connection_name": "list_postgres"} */

    select distinct nspname from pg_namespace
  
[0m20:42:58.492801 [debug] [ThreadPool]: Postgres adapter: Rolling back transaction.
[0m20:42:58.493782 [debug] [ThreadPool]: Postgres adapter: Error running SQL: macro list_schemas
[0m20:42:58.493782 [debug] [ThreadPool]: Postgres adapter: Rolling back transaction.
[0m20:42:58.494285 [debug] [ThreadPool]: On list_postgres: No close available on handle
[0m20:42:58.494285 [debug] [MainThread]: Connection 'master' was properly closed.
[0m20:42:58.494285 [debug] [MainThread]: Connection 'list_postgres' was properly closed.
[0m20:42:58.494285 [info ] [MainThread]: 
[0m20:42:58.494285 [info ] [MainThread]: Finished running  in 0 hours 0 minutes and 20.02 seconds (20.02s).
[0m20:42:58.494285 [error] [MainThread]: Encountered an error:
Database Error
  connection to server at "34.87.226.94", port 5432 failed: timeout expired
  
[0m20:42:58.494285 [debug] [MainThread]: Command `dbt run` failed at 20:42:58.494285 after 20.16 seconds
[0m20:42:58.494285 [debug] [MainThread]: Sending event: {'category': 'dbt', 'action': 'invocation', 'label': 'end', 'context': [<snowplow_tracker.self_describing_json.SelfDescribingJson object at 0x00000186AD57F350>, <snowplow_tracker.self_describing_json.SelfDescribingJson object at 0x00000186ACC2D550>, <snowplow_tracker.self_describing_json.SelfDescribingJson object at 0x00000186AD667010>]}
[0m20:42:58.494285 [debug] [MainThread]: Flushing usage events
[0m20:45:21.526892 [debug] [MainThread]: Sending event: {'category': 'dbt', 'action': 'invocation', 'label': 'start', 'context': [<snowplow_tracker.self_describing_json.SelfDescribingJson object at 0x000002D2F283DF10>, <snowplow_tracker.self_describing_json.SelfDescribingJson object at 0x000002D2F265FD50>, <snowplow_tracker.self_describing_json.SelfDescribingJson object at 0x000002D2F283FFD0>]}


============================== 20:45:21.534445 | 07e37ae4-0b51-46be-8c58-5983bf54c049 ==============================
[0m20:45:21.534445 [info ] [MainThread]: Running with dbt=1.6.6
[0m20:45:21.534445 [debug] [MainThread]: running dbt with arguments {'printer_width': '80', 'indirect_selection': 'eager', 'log_cache_events': 'False', 'write_json': 'True', 'partial_parse': 'True', 'cache_selected_only': 'False', 'warn_error': 'None', 'debug': 'False', 'version_check': 'True', 'log_path': 'C:\\Users\\htw10\\OneDrive\\Documents_chinese\\GitHub\\BDE_AT3\\bde_at3_dbt\\logs', 'fail_fast': 'False', 'profiles_dir': 'C:\\Users\\htw10\\.dbt', 'use_colors': 'True', 'use_experimental_parser': 'False', 'no_print': 'None', 'quiet': 'False', 'log_format': 'default', 'static_parser': 'True', 'invocation_command': 'dbt debug', 'introspect': 'True', 'target_path': 'None', 'warn_error_options': 'WarnErrorOptions(include=[], exclude=[])', 'send_anonymous_usage_stats': 'True'}
[0m20:45:21.534445 [info ] [MainThread]: dbt version: 1.6.6
[0m20:45:21.536274 [info ] [MainThread]: python version: 3.11.5
[0m20:45:21.536274 [info ] [MainThread]: python path: C:\Users\htw10\OneDrive\Documents_chinese\GitHub\BDE_AT3\.conda\python.exe
[0m20:45:21.536274 [info ] [MainThread]: os info: Windows-10-10.0.22621-SP0
[0m20:45:21.568702 [info ] [MainThread]: Using profiles dir at C:\Users\htw10\.dbt
[0m20:45:21.569996 [info ] [MainThread]: Using profiles.yml file at C:\Users\htw10\.dbt\profiles.yml
[0m20:45:21.569996 [info ] [MainThread]: Using dbt_project.yml file at C:\Users\htw10\OneDrive\Documents_chinese\GitHub\BDE_AT3\bde_at3_dbt\dbt_project.yml
[0m20:45:21.569996 [info ] [MainThread]: adapter type: postgres
[0m20:45:21.569996 [info ] [MainThread]: adapter version: 1.6.6
[0m20:45:21.584172 [info ] [MainThread]: Configuration:
[0m20:45:21.584172 [info ] [MainThread]:   profiles.yml file [[32mOK found and valid[0m]
[0m20:45:21.584172 [info ] [MainThread]:   dbt_project.yml file [[32mOK found and valid[0m]
[0m20:45:21.584172 [info ] [MainThread]: Required dependencies:
[0m20:45:21.584172 [debug] [MainThread]: Executing "git --help"
[0m20:45:21.607287 [debug] [MainThread]: STDOUT: "b"usage: git [-v | --version] [-h | --help] [-C <path>] [-c <name>=<value>]\n           [--exec-path[=<path>]] [--html-path] [--man-path] [--info-path]\n           [-p | --paginate | -P | --no-pager] [--no-replace-objects] [--bare]\n           [--git-dir=<path>] [--work-tree=<path>] [--namespace=<name>]\n           [--config-env=<name>=<envvar>] <command> [<args>]\n\nThese are common Git commands used in various situations:\n\nstart a working area (see also: git help tutorial)\n   clone     Clone a repository into a new directory\n   init      Create an empty Git repository or reinitialize an existing one\n\nwork on the current change (see also: git help everyday)\n   add       Add file contents to the index\n   mv        Move or rename a file, a directory, or a symlink\n   restore   Restore working tree files\n   rm        Remove files from the working tree and from the index\n\nexamine the history and state (see also: git help revisions)\n   bisect    Use binary search to find the commit that introduced a bug\n   diff      Show changes between commits, commit and working tree, etc\n   grep      Print lines matching a pattern\n   log       Show commit logs\n   show      Show various types of objects\n   status    Show the working tree status\n\ngrow, mark and tweak your common history\n   branch    List, create, or delete branches\n   commit    Record changes to the repository\n   merge     Join two or more development histories together\n   rebase    Reapply commits on top of another base tip\n   reset     Reset current HEAD to the specified state\n   switch    Switch branches\n   tag       Create, list, delete or verify a tag object signed with GPG\n\ncollaborate (see also: git help workflows)\n   fetch     Download objects and refs from another repository\n   pull      Fetch from and integrate with another repository or a local branch\n   push      Update remote refs along with associated objects\n\n'git help -a' and 'git help -g' list available subcommands and some\nconcept guides. See 'git help <command>' or 'git help <concept>'\nto read about a specific subcommand or concept.\nSee 'git help git' for an overview of the system.\n""
[0m20:45:21.607287 [debug] [MainThread]: STDERR: "b''"
[0m20:45:21.608287 [info ] [MainThread]:  - git [[32mOK found[0m]

[0m20:45:21.608287 [info ] [MainThread]: Connection:
[0m20:45:21.609287 [info ] [MainThread]:   host: 34.87.226.94
[0m20:45:21.609287 [info ] [MainThread]:   port: 5432
[0m20:45:21.610287 [info ] [MainThread]:   user: postgres
[0m20:45:21.610287 [info ] [MainThread]:   database: postgres
[0m20:45:21.610287 [info ] [MainThread]:   schema: public
[0m20:45:21.611287 [info ] [MainThread]:   connect_timeout: 10
[0m20:45:21.611287 [info ] [MainThread]:   role: None
[0m20:45:21.611287 [info ] [MainThread]:   search_path: None
[0m20:45:21.612287 [info ] [MainThread]:   keepalives_idle: 0
[0m20:45:21.612420 [info ] [MainThread]:   sslmode: None
[0m20:45:21.612420 [info ] [MainThread]:   sslcert: None
[0m20:45:21.612420 [info ] [MainThread]:   sslkey: None
[0m20:45:21.612420 [info ] [MainThread]:   sslrootcert: None
[0m20:45:21.614003 [info ] [MainThread]:   application_name: dbt
[0m20:45:21.614003 [info ] [MainThread]:   retries: 1
[0m20:45:21.614507 [info ] [MainThread]: Registered adapter: postgres=1.6.6
[0m20:45:21.614507 [debug] [MainThread]: Acquiring new postgres connection 'debug'
[0m20:45:21.615511 [debug] [MainThread]: Using postgres connection "debug"
[0m20:45:21.615511 [debug] [MainThread]: On debug: select 1 as id
[0m20:45:21.615511 [debug] [MainThread]: Opening a new connection, currently in state init
[0m20:45:31.632235 [debug] [MainThread]: Postgres adapter: Got a retryable error when attempting to open a postgres connection.
1 attempts remaining. Retrying in 0 seconds.
Error:
connection to server at "34.87.226.94", port 5432 failed: timeout expired

[0m20:45:41.648170 [debug] [MainThread]: Postgres adapter: Error running SQL: select 1 as id
[0m20:45:41.648170 [debug] [MainThread]: Postgres adapter: Rolling back transaction.
[0m20:45:41.648170 [debug] [MainThread]: On debug: No close available on handle
[0m20:45:41.648170 [info ] [MainThread]:   Connection test: [[31mERROR[0m]

[0m20:45:41.648170 [info ] [MainThread]: [31m1 check failed:[0m
[0m20:45:41.648170 [info ] [MainThread]: dbt was unable to connect to the specified database.
The database returned the following error:

  >Database Error
  connection to server at "34.87.226.94", port 5432 failed: timeout expired
  

Check your database credentials and try again. For more information, visit:
https://docs.getdbt.com/docs/configure-your-profile


[0m20:45:41.654678 [debug] [MainThread]: Command `dbt debug` failed at 20:45:41.654678 after 20.14 seconds
[0m20:45:41.654678 [debug] [MainThread]: Connection 'debug' was properly closed.
[0m20:45:41.654678 [debug] [MainThread]: Sending event: {'category': 'dbt', 'action': 'invocation', 'label': 'end', 'context': [<snowplow_tracker.self_describing_json.SelfDescribingJson object at 0x000002D2F281F450>, <snowplow_tracker.self_describing_json.SelfDescribingJson object at 0x000002D2EBC0FF50>, <snowplow_tracker.self_describing_json.SelfDescribingJson object at 0x000002D2EBC0F3D0>]}
[0m20:45:41.654678 [debug] [MainThread]: Flushing usage events
[0m20:52:14.974307 [debug] [MainThread]: Sending event: {'category': 'dbt', 'action': 'invocation', 'label': 'start', 'context': [<snowplow_tracker.self_describing_json.SelfDescribingJson object at 0x000002A8DF0B2510>, <snowplow_tracker.self_describing_json.SelfDescribingJson object at 0x000002A8E21BFD50>, <snowplow_tracker.self_describing_json.SelfDescribingJson object at 0x000002A8E10A0050>]}


============================== 20:52:14.974307 | 85652d66-95c8-4c5c-b941-781d2d51dfb8 ==============================
[0m20:52:14.974307 [info ] [MainThread]: Running with dbt=1.6.6
[0m20:52:14.974307 [debug] [MainThread]: running dbt with arguments {'printer_width': '80', 'indirect_selection': 'eager', 'write_json': 'True', 'log_cache_events': 'False', 'partial_parse': 'True', 'cache_selected_only': 'False', 'warn_error': 'None', 'version_check': 'True', 'profiles_dir': 'C:\\Users\\htw10\\.dbt', 'log_path': 'C:\\Users\\htw10\\OneDrive\\Documents_chinese\\GitHub\\BDE_AT3\\bde_at3_dbt\\logs', 'fail_fast': 'False', 'debug': 'False', 'use_colors': 'True', 'use_experimental_parser': 'False', 'no_print': 'None', 'quiet': 'False', 'warn_error_options': 'WarnErrorOptions(include=[], exclude=[])', 'invocation_command': 'dbt debug', 'introspect': 'True', 'log_format': 'default', 'target_path': 'None', 'static_parser': 'True', 'send_anonymous_usage_stats': 'True'}
[0m20:52:14.974307 [info ] [MainThread]: dbt version: 1.6.6
[0m20:52:14.974307 [info ] [MainThread]: python version: 3.11.5
[0m20:52:14.974307 [info ] [MainThread]: python path: C:\Users\htw10\OneDrive\Documents_chinese\GitHub\BDE_AT3\.conda\python.exe
[0m20:52:14.979321 [info ] [MainThread]: os info: Windows-10-10.0.22621-SP0
[0m20:52:15.009997 [info ] [MainThread]: Using profiles dir at C:\Users\htw10\.dbt
[0m20:52:15.011092 [info ] [MainThread]: Using profiles.yml file at C:\Users\htw10\.dbt\profiles.yml
[0m20:52:15.012258 [info ] [MainThread]: Using dbt_project.yml file at C:\Users\htw10\OneDrive\Documents_chinese\GitHub\BDE_AT3\bde_at3_dbt\dbt_project.yml
[0m20:52:15.012603 [info ] [MainThread]: adapter type: postgres
[0m20:52:15.012603 [info ] [MainThread]: adapter version: 1.6.6
[0m20:52:15.026104 [info ] [MainThread]: Configuration:
[0m20:52:15.026104 [info ] [MainThread]:   profiles.yml file [[32mOK found and valid[0m]
[0m20:52:15.027106 [info ] [MainThread]:   dbt_project.yml file [[32mOK found and valid[0m]
[0m20:52:15.027106 [info ] [MainThread]: Required dependencies:
[0m20:52:15.028105 [debug] [MainThread]: Executing "git --help"
[0m20:52:15.054595 [debug] [MainThread]: STDOUT: "b"usage: git [-v | --version] [-h | --help] [-C <path>] [-c <name>=<value>]\n           [--exec-path[=<path>]] [--html-path] [--man-path] [--info-path]\n           [-p | --paginate | -P | --no-pager] [--no-replace-objects] [--bare]\n           [--git-dir=<path>] [--work-tree=<path>] [--namespace=<name>]\n           [--config-env=<name>=<envvar>] <command> [<args>]\n\nThese are common Git commands used in various situations:\n\nstart a working area (see also: git help tutorial)\n   clone     Clone a repository into a new directory\n   init      Create an empty Git repository or reinitialize an existing one\n\nwork on the current change (see also: git help everyday)\n   add       Add file contents to the index\n   mv        Move or rename a file, a directory, or a symlink\n   restore   Restore working tree files\n   rm        Remove files from the working tree and from the index\n\nexamine the history and state (see also: git help revisions)\n   bisect    Use binary search to find the commit that introduced a bug\n   diff      Show changes between commits, commit and working tree, etc\n   grep      Print lines matching a pattern\n   log       Show commit logs\n   show      Show various types of objects\n   status    Show the working tree status\n\ngrow, mark and tweak your common history\n   branch    List, create, or delete branches\n   commit    Record changes to the repository\n   merge     Join two or more development histories together\n   rebase    Reapply commits on top of another base tip\n   reset     Reset current HEAD to the specified state\n   switch    Switch branches\n   tag       Create, list, delete or verify a tag object signed with GPG\n\ncollaborate (see also: git help workflows)\n   fetch     Download objects and refs from another repository\n   pull      Fetch from and integrate with another repository or a local branch\n   push      Update remote refs along with associated objects\n\n'git help -a' and 'git help -g' list available subcommands and some\nconcept guides. See 'git help <command>' or 'git help <concept>'\nto read about a specific subcommand or concept.\nSee 'git help git' for an overview of the system.\n""
[0m20:52:15.054595 [debug] [MainThread]: STDERR: "b''"
[0m20:52:15.054595 [info ] [MainThread]:  - git [[32mOK found[0m]

[0m20:52:15.061303 [info ] [MainThread]: Connection:
[0m20:52:15.061303 [info ] [MainThread]:   host: 34.87.226.94
[0m20:52:15.061303 [info ] [MainThread]:   port: 5432
[0m20:52:15.062308 [info ] [MainThread]:   user: postgres
[0m20:52:15.062308 [info ] [MainThread]:   database: postgres
[0m20:52:15.062308 [info ] [MainThread]:   schema: public
[0m20:52:15.062308 [info ] [MainThread]:   connect_timeout: 10
[0m20:52:15.062308 [info ] [MainThread]:   role: None
[0m20:52:15.064326 [info ] [MainThread]:   search_path: None
[0m20:52:15.064326 [info ] [MainThread]:   keepalives_idle: 0
[0m20:52:15.064326 [info ] [MainThread]:   sslmode: None
[0m20:52:15.064326 [info ] [MainThread]:   sslcert: None
[0m20:52:15.064326 [info ] [MainThread]:   sslkey: None
[0m20:52:15.064326 [info ] [MainThread]:   sslrootcert: None
[0m20:52:15.066111 [info ] [MainThread]:   application_name: dbt
[0m20:52:15.066111 [info ] [MainThread]:   retries: 1
[0m20:52:15.066111 [info ] [MainThread]: Registered adapter: postgres=1.6.6
[0m20:52:15.067115 [debug] [MainThread]: Acquiring new postgres connection 'debug'
[0m20:52:15.067115 [debug] [MainThread]: Using postgres connection "debug"
[0m20:52:15.067115 [debug] [MainThread]: On debug: select 1 as id
[0m20:52:15.068115 [debug] [MainThread]: Opening a new connection, currently in state init
[0m20:52:15.162116 [debug] [MainThread]: SQL status: SELECT 1 in 0.0 seconds
[0m20:52:15.164142 [debug] [MainThread]: On debug: Close
[0m20:52:15.165527 [info ] [MainThread]:   Connection test: [[32mOK connection ok[0m]

[0m20:52:15.165527 [info ] [MainThread]: [32mAll checks passed![0m
[0m20:52:15.166531 [debug] [MainThread]: Command `dbt debug` succeeded at 20:52:15.166531 after 0.21 seconds
[0m20:52:15.166531 [debug] [MainThread]: Connection 'debug' was properly closed.
[0m20:52:15.167532 [debug] [MainThread]: Sending event: {'category': 'dbt', 'action': 'invocation', 'label': 'end', 'context': [<snowplow_tracker.self_describing_json.SelfDescribingJson object at 0x000002A8E1EF7A90>, <snowplow_tracker.self_describing_json.SelfDescribingJson object at 0x000002A8DB9F87D0>, <snowplow_tracker.self_describing_json.SelfDescribingJson object at 0x000002A8DB9F8550>]}
[0m20:52:15.167532 [debug] [MainThread]: Flushing usage events
[0m20:52:22.840256 [debug] [MainThread]: Sending event: {'category': 'dbt', 'action': 'invocation', 'label': 'start', 'context': [<snowplow_tracker.self_describing_json.SelfDescribingJson object at 0x000001B16101F390>, <snowplow_tracker.self_describing_json.SelfDescribingJson object at 0x000001B16100C410>, <snowplow_tracker.self_describing_json.SelfDescribingJson object at 0x000001B16101FFD0>]}


============================== 20:52:22.844260 | d09453ea-24bb-4f13-8acd-41210691b6a2 ==============================
[0m20:52:22.844260 [info ] [MainThread]: Running with dbt=1.6.6
[0m20:52:22.844260 [debug] [MainThread]: running dbt with arguments {'printer_width': '80', 'indirect_selection': 'eager', 'log_cache_events': 'False', 'write_json': 'True', 'partial_parse': 'True', 'cache_selected_only': 'False', 'profiles_dir': 'C:\\Users\\htw10\\.dbt', 'version_check': 'True', 'fail_fast': 'False', 'log_path': 'C:\\Users\\htw10\\OneDrive\\Documents_chinese\\GitHub\\BDE_AT3\\bde_at3_dbt\\logs', 'warn_error': 'None', 'debug': 'False', 'use_colors': 'True', 'use_experimental_parser': 'False', 'no_print': 'None', 'quiet': 'False', 'log_format': 'default', 'introspect': 'True', 'warn_error_options': 'WarnErrorOptions(include=[], exclude=[])', 'static_parser': 'True', 'target_path': 'None', 'invocation_command': 'dbt run', 'send_anonymous_usage_stats': 'True'}
[0m20:52:22.904614 [debug] [MainThread]: Sending event: {'category': 'dbt', 'action': 'project_id', 'label': 'd09453ea-24bb-4f13-8acd-41210691b6a2', 'context': [<snowplow_tracker.self_describing_json.SelfDescribingJson object at 0x000001B160E3FC50>]}
[0m20:52:22.912616 [debug] [MainThread]: Sending event: {'category': 'dbt', 'action': 'adapter_info', 'label': 'd09453ea-24bb-4f13-8acd-41210691b6a2', 'context': [<snowplow_tracker.self_describing_json.SelfDescribingJson object at 0x000001B160E3FC50>]}
[0m20:52:22.913616 [info ] [MainThread]: Registered adapter: postgres=1.6.6
[0m20:52:22.914686 [debug] [MainThread]: checksum: 546b81fb56652c304d87abd676e84d4737d8a0c6b62160f4a6e79dcddbc842bb, vars: {}, profile: , target: , version: 1.6.6
[0m20:52:22.947535 [debug] [MainThread]: Partial parsing enabled: 0 files deleted, 0 files added, 0 files changed.
[0m20:52:22.947828 [debug] [MainThread]: Partial parsing enabled, no changes found, skipping parsing
[0m20:52:22.948818 [debug] [MainThread]: Sending event: {'category': 'dbt', 'action': 'load_project', 'label': 'd09453ea-24bb-4f13-8acd-41210691b6a2', 'context': [<snowplow_tracker.self_describing_json.SelfDescribingJson object at 0x000001B160701250>]}
[0m20:52:22.954875 [debug] [MainThread]: Sending event: {'category': 'dbt', 'action': 'resource_counts', 'label': 'd09453ea-24bb-4f13-8acd-41210691b6a2', 'context': [<snowplow_tracker.self_describing_json.SelfDescribingJson object at 0x000001B161135810>]}
[0m20:52:22.954875 [info ] [MainThread]: Found 2 models, 4 tests, 0 sources, 0 exposures, 0 metrics, 352 macros, 0 groups, 0 semantic models
[0m20:52:22.954875 [debug] [MainThread]: Sending event: {'category': 'dbt', 'action': 'runnable_timing', 'label': 'd09453ea-24bb-4f13-8acd-41210691b6a2', 'context': [<snowplow_tracker.self_describing_json.SelfDescribingJson object at 0x000001B15CD703D0>]}
[0m20:52:22.954875 [info ] [MainThread]: 
[0m20:52:22.954875 [debug] [MainThread]: Acquiring new postgres connection 'master'
[0m20:52:22.954875 [debug] [ThreadPool]: Acquiring new postgres connection 'list_postgres'
[0m20:52:22.966172 [debug] [ThreadPool]: Using postgres connection "list_postgres"
[0m20:52:22.967172 [debug] [ThreadPool]: On list_postgres: /* {"app": "dbt", "dbt_version": "1.6.6", "profile_name": "bde_at3", "target_name": "dev", "connection_name": "list_postgres"} */

    select distinct nspname from pg_namespace
  
[0m20:52:22.967172 [debug] [ThreadPool]: Opening a new connection, currently in state init
[0m20:52:23.034197 [debug] [ThreadPool]: SQL status: SELECT 5 in 0.0 seconds
[0m20:52:23.034197 [debug] [ThreadPool]: On list_postgres: Close
[0m20:52:23.034197 [debug] [ThreadPool]: Acquiring new postgres connection 'list_postgres_public'
[0m20:52:23.044170 [debug] [ThreadPool]: Using postgres connection "list_postgres_public"
[0m20:52:23.044170 [debug] [ThreadPool]: On list_postgres_public: BEGIN
[0m20:52:23.044170 [debug] [ThreadPool]: Opening a new connection, currently in state init
[0m20:52:23.123112 [debug] [ThreadPool]: SQL status: BEGIN in 0.0 seconds
[0m20:52:23.123112 [debug] [ThreadPool]: Using postgres connection "list_postgres_public"
[0m20:52:23.123112 [debug] [ThreadPool]: On list_postgres_public: /* {"app": "dbt", "dbt_version": "1.6.6", "profile_name": "bde_at3", "target_name": "dev", "connection_name": "list_postgres_public"} */
select
      'postgres' as database,
      tablename as name,
      schemaname as schema,
      'table' as type
    from pg_tables
    where schemaname ilike 'public'
    union all
    select
      'postgres' as database,
      viewname as name,
      schemaname as schema,
      'view' as type
    from pg_views
    where schemaname ilike 'public'
    union all
    select
      'postgres' as database,
      matviewname as name,
      schemaname as schema,
      'materialized_view' as type
    from pg_matviews
    where schemaname ilike 'public'
  
[0m20:52:23.137644 [debug] [ThreadPool]: SQL status: SELECT 0 in 0.0 seconds
[0m20:52:23.137644 [debug] [ThreadPool]: On list_postgres_public: ROLLBACK
[0m20:52:23.148668 [debug] [ThreadPool]: On list_postgres_public: Close
[0m20:52:23.151123 [debug] [MainThread]: Using postgres connection "master"
[0m20:52:23.151123 [debug] [MainThread]: On master: BEGIN
[0m20:52:23.152123 [debug] [MainThread]: Opening a new connection, currently in state init
[0m20:52:23.244267 [debug] [MainThread]: SQL status: BEGIN in 0.0 seconds
[0m20:52:23.244267 [debug] [MainThread]: Using postgres connection "master"
[0m20:52:23.244267 [debug] [MainThread]: On master: /* {"app": "dbt", "dbt_version": "1.6.6", "profile_name": "bde_at3", "target_name": "dev", "connection_name": "master"} */
with relation as (
        select
            pg_rewrite.ev_class as class,
            pg_rewrite.oid as id
        from pg_rewrite
    ),
    class as (
        select
            oid as id,
            relname as name,
            relnamespace as schema,
            relkind as kind
        from pg_class
    ),
    dependency as (
        select distinct
            pg_depend.objid as id,
            pg_depend.refobjid as ref
        from pg_depend
    ),
    schema as (
        select
            pg_namespace.oid as id,
            pg_namespace.nspname as name
        from pg_namespace
        where nspname != 'information_schema' and nspname not like 'pg\_%'
    ),
    referenced as (
        select
            relation.id AS id,
            referenced_class.name ,
            referenced_class.schema ,
            referenced_class.kind
        from relation
        join class as referenced_class on relation.class=referenced_class.id
        where referenced_class.kind in ('r', 'v', 'm')
    ),
    relationships as (
        select
            referenced.name as referenced_name,
            referenced.schema as referenced_schema_id,
            dependent_class.name as dependent_name,
            dependent_class.schema as dependent_schema_id,
            referenced.kind as kind
        from referenced
        join dependency on referenced.id=dependency.id
        join class as dependent_class on dependency.ref=dependent_class.id
        where
            (referenced.name != dependent_class.name or
             referenced.schema != dependent_class.schema)
    )

    select
        referenced_schema.name as referenced_schema,
        relationships.referenced_name as referenced_name,
        dependent_schema.name as dependent_schema,
        relationships.dependent_name as dependent_name
    from relationships
    join schema as dependent_schema on relationships.dependent_schema_id=dependent_schema.id
    join schema as referenced_schema on relationships.referenced_schema_id=referenced_schema.id
    group by referenced_schema, referenced_name, dependent_schema, dependent_name
    order by referenced_schema, referenced_name, dependent_schema, dependent_name;
[0m20:52:23.264247 [debug] [MainThread]: SQL status: SELECT 0 in 0.0 seconds
[0m20:52:23.269288 [debug] [MainThread]: Sending event: {'category': 'dbt', 'action': 'runnable_timing', 'label': 'd09453ea-24bb-4f13-8acd-41210691b6a2', 'context': [<snowplow_tracker.self_describing_json.SelfDescribingJson object at 0x000001B1610C90D0>]}
[0m20:52:23.269288 [debug] [MainThread]: On master: ROLLBACK
[0m20:52:23.274348 [debug] [MainThread]: Using postgres connection "master"
[0m20:52:23.274348 [debug] [MainThread]: On master: BEGIN
[0m20:52:23.294302 [debug] [MainThread]: SQL status: BEGIN in 0.0 seconds
[0m20:52:23.300380 [debug] [MainThread]: On master: COMMIT
[0m20:52:23.300380 [debug] [MainThread]: Using postgres connection "master"
[0m20:52:23.300380 [debug] [MainThread]: On master: COMMIT
[0m20:52:23.305773 [debug] [MainThread]: SQL status: COMMIT in 0.0 seconds
[0m20:52:23.305773 [debug] [MainThread]: On master: Close
[0m20:52:23.305773 [info ] [MainThread]: Concurrency: 4 threads (target='dev')
[0m20:52:23.314354 [info ] [MainThread]: 
[0m20:52:23.317433 [debug] [Thread-1 (]: Began running node model.bde_at3.my_first_dbt_model
[0m20:52:23.317433 [info ] [Thread-1 (]: 1 of 2 START sql table model public.my_first_dbt_model ......................... [RUN]
[0m20:52:23.321292 [debug] [Thread-1 (]: Acquiring new postgres connection 'model.bde_at3.my_first_dbt_model'
[0m20:52:23.321292 [debug] [Thread-1 (]: Began compiling node model.bde_at3.my_first_dbt_model
[0m20:52:23.325530 [debug] [Thread-1 (]: Writing injected SQL for node "model.bde_at3.my_first_dbt_model"
[0m20:52:23.327411 [debug] [Thread-1 (]: Timing info for model.bde_at3.my_first_dbt_model (compile): 20:52:23.321292 => 20:52:23.326637
[0m20:52:23.327411 [debug] [Thread-1 (]: Began executing node model.bde_at3.my_first_dbt_model
[0m20:52:23.350928 [debug] [Thread-1 (]: Writing runtime sql for node "model.bde_at3.my_first_dbt_model"
[0m20:52:23.352118 [debug] [Thread-1 (]: Using postgres connection "model.bde_at3.my_first_dbt_model"
[0m20:52:23.352118 [debug] [Thread-1 (]: On model.bde_at3.my_first_dbt_model: BEGIN
[0m20:52:23.353122 [debug] [Thread-1 (]: Opening a new connection, currently in state init
[0m20:52:23.424580 [debug] [Thread-1 (]: SQL status: BEGIN in 0.0 seconds
[0m20:52:23.424580 [debug] [Thread-1 (]: Using postgres connection "model.bde_at3.my_first_dbt_model"
[0m20:52:23.424580 [debug] [Thread-1 (]: On model.bde_at3.my_first_dbt_model: /* {"app": "dbt", "dbt_version": "1.6.6", "profile_name": "bde_at3", "target_name": "dev", "node_id": "model.bde_at3.my_first_dbt_model"} */

  
    

  create  table "postgres"."public"."my_first_dbt_model__dbt_tmp"
  
  
    as
  
  (
    /*
    Welcome to your first dbt model!
    Did you know that you can also configure models directly within SQL files?
    This will override configurations stated in dbt_project.yml

    Try changing "table" to "view" below
*/



with source_data as (

    select 1 as id
    union all
    select null as id

)

select *
from source_data

/*
    Uncomment the line below to remove records with null `id` values
*/

-- where id is not null
  );
  
[0m20:52:23.444296 [debug] [Thread-1 (]: SQL status: SELECT 2 in 0.0 seconds
[0m20:52:23.444296 [debug] [Thread-1 (]: Using postgres connection "model.bde_at3.my_first_dbt_model"
[0m20:52:23.454570 [debug] [Thread-1 (]: On model.bde_at3.my_first_dbt_model: /* {"app": "dbt", "dbt_version": "1.6.6", "profile_name": "bde_at3", "target_name": "dev", "node_id": "model.bde_at3.my_first_dbt_model"} */
alter table "postgres"."public"."my_first_dbt_model__dbt_tmp" rename to "my_first_dbt_model"
[0m20:52:23.456111 [debug] [Thread-1 (]: SQL status: ALTER TABLE in 0.0 seconds
[0m20:52:23.479276 [debug] [Thread-1 (]: On model.bde_at3.my_first_dbt_model: COMMIT
[0m20:52:23.479276 [debug] [Thread-1 (]: Using postgres connection "model.bde_at3.my_first_dbt_model"
[0m20:52:23.479276 [debug] [Thread-1 (]: On model.bde_at3.my_first_dbt_model: COMMIT
[0m20:52:23.488318 [debug] [Thread-1 (]: SQL status: COMMIT in 0.0 seconds
[0m20:52:23.494328 [debug] [Thread-1 (]: Using postgres connection "model.bde_at3.my_first_dbt_model"
[0m20:52:23.494328 [debug] [Thread-1 (]: On model.bde_at3.my_first_dbt_model: /* {"app": "dbt", "dbt_version": "1.6.6", "profile_name": "bde_at3", "target_name": "dev", "node_id": "model.bde_at3.my_first_dbt_model"} */
drop table if exists "postgres"."public"."my_first_dbt_model__dbt_backup" cascade
[0m20:52:23.494328 [debug] [Thread-1 (]: SQL status: DROP TABLE in 0.0 seconds
[0m20:52:23.504662 [debug] [Thread-1 (]: Timing info for model.bde_at3.my_first_dbt_model (execute): 20:52:23.327411 => 20:52:23.504662
[0m20:52:23.504662 [debug] [Thread-1 (]: On model.bde_at3.my_first_dbt_model: Close
[0m20:52:23.504662 [debug] [Thread-1 (]: Sending event: {'category': 'dbt', 'action': 'run_model', 'label': 'd09453ea-24bb-4f13-8acd-41210691b6a2', 'context': [<snowplow_tracker.self_describing_json.SelfDescribingJson object at 0x000001B161037090>]}
[0m20:52:23.504662 [info ] [Thread-1 (]: 1 of 2 OK created sql table model public.my_first_dbt_model .................... [[32mSELECT 2[0m in 0.19s]
[0m20:52:23.504662 [debug] [Thread-1 (]: Finished running node model.bde_at3.my_first_dbt_model
[0m20:52:23.504662 [debug] [Thread-3 (]: Began running node model.bde_at3.my_second_dbt_model
[0m20:52:23.504662 [info ] [Thread-3 (]: 2 of 2 START sql view model public.my_second_dbt_model ......................... [RUN]
[0m20:52:23.504662 [debug] [Thread-3 (]: Acquiring new postgres connection 'model.bde_at3.my_second_dbt_model'
[0m20:52:23.504662 [debug] [Thread-3 (]: Began compiling node model.bde_at3.my_second_dbt_model
[0m20:52:23.504662 [debug] [Thread-3 (]: Writing injected SQL for node "model.bde_at3.my_second_dbt_model"
[0m20:52:23.504662 [debug] [Thread-3 (]: Timing info for model.bde_at3.my_second_dbt_model (compile): 20:52:23.504662 => 20:52:23.504662
[0m20:52:23.504662 [debug] [Thread-3 (]: Began executing node model.bde_at3.my_second_dbt_model
[0m20:52:23.523336 [debug] [Thread-3 (]: Writing runtime sql for node "model.bde_at3.my_second_dbt_model"
[0m20:52:23.524336 [debug] [Thread-3 (]: Using postgres connection "model.bde_at3.my_second_dbt_model"
[0m20:52:23.524839 [debug] [Thread-3 (]: On model.bde_at3.my_second_dbt_model: BEGIN
[0m20:52:23.525442 [debug] [Thread-3 (]: Opening a new connection, currently in state init
[0m20:52:23.604427 [debug] [Thread-3 (]: SQL status: BEGIN in 0.0 seconds
[0m20:52:23.605438 [debug] [Thread-3 (]: Using postgres connection "model.bde_at3.my_second_dbt_model"
[0m20:52:23.606434 [debug] [Thread-3 (]: On model.bde_at3.my_second_dbt_model: /* {"app": "dbt", "dbt_version": "1.6.6", "profile_name": "bde_at3", "target_name": "dev", "node_id": "model.bde_at3.my_second_dbt_model"} */

  create view "postgres"."public"."my_second_dbt_model__dbt_tmp"
    
    
  as (
    -- Use the `ref` function to select from other models

select *
from "postgres"."public"."my_first_dbt_model"
where id = 1
  );
[0m20:52:23.616935 [debug] [Thread-3 (]: SQL status: CREATE VIEW in 0.0 seconds
[0m20:52:23.624444 [debug] [Thread-3 (]: Using postgres connection "model.bde_at3.my_second_dbt_model"
[0m20:52:23.624444 [debug] [Thread-3 (]: On model.bde_at3.my_second_dbt_model: /* {"app": "dbt", "dbt_version": "1.6.6", "profile_name": "bde_at3", "target_name": "dev", "node_id": "model.bde_at3.my_second_dbt_model"} */
alter table "postgres"."public"."my_second_dbt_model__dbt_tmp" rename to "my_second_dbt_model"
[0m20:52:23.632645 [debug] [Thread-3 (]: SQL status: ALTER TABLE in 0.0 seconds
[0m20:52:23.634655 [debug] [Thread-3 (]: On model.bde_at3.my_second_dbt_model: COMMIT
[0m20:52:23.634655 [debug] [Thread-3 (]: Using postgres connection "model.bde_at3.my_second_dbt_model"
[0m20:52:23.634655 [debug] [Thread-3 (]: On model.bde_at3.my_second_dbt_model: COMMIT
[0m20:52:23.644337 [debug] [Thread-3 (]: SQL status: COMMIT in 0.0 seconds
[0m20:52:23.648343 [debug] [Thread-3 (]: Using postgres connection "model.bde_at3.my_second_dbt_model"
[0m20:52:23.648343 [debug] [Thread-3 (]: On model.bde_at3.my_second_dbt_model: /* {"app": "dbt", "dbt_version": "1.6.6", "profile_name": "bde_at3", "target_name": "dev", "node_id": "model.bde_at3.my_second_dbt_model"} */
drop view if exists "postgres"."public"."my_second_dbt_model__dbt_backup" cascade
[0m20:52:23.654347 [debug] [Thread-3 (]: SQL status: DROP VIEW in 0.0 seconds
[0m20:52:23.654347 [debug] [Thread-3 (]: Timing info for model.bde_at3.my_second_dbt_model (execute): 20:52:23.504662 => 20:52:23.654347
[0m20:52:23.654347 [debug] [Thread-3 (]: On model.bde_at3.my_second_dbt_model: Close
[0m20:52:23.654347 [debug] [Thread-3 (]: Sending event: {'category': 'dbt', 'action': 'run_model', 'label': 'd09453ea-24bb-4f13-8acd-41210691b6a2', 'context': [<snowplow_tracker.self_describing_json.SelfDescribingJson object at 0x000001B16112BCD0>]}
[0m20:52:23.654347 [info ] [Thread-3 (]: 2 of 2 OK created sql view model public.my_second_dbt_model .................... [[32mCREATE VIEW[0m in 0.15s]
[0m20:52:23.654347 [debug] [Thread-3 (]: Finished running node model.bde_at3.my_second_dbt_model
[0m20:52:23.654347 [debug] [MainThread]: Using postgres connection "master"
[0m20:52:23.654347 [debug] [MainThread]: On master: BEGIN
[0m20:52:23.664573 [debug] [MainThread]: Opening a new connection, currently in state closed
[0m20:52:23.734173 [debug] [MainThread]: SQL status: BEGIN in 0.0 seconds
[0m20:52:23.734173 [debug] [MainThread]: On master: COMMIT
[0m20:52:23.734173 [debug] [MainThread]: Using postgres connection "master"
[0m20:52:23.739644 [debug] [MainThread]: On master: COMMIT
[0m20:52:23.744338 [debug] [MainThread]: SQL status: COMMIT in 0.0 seconds
[0m20:52:23.744338 [debug] [MainThread]: On master: Close
[0m20:52:23.744338 [debug] [MainThread]: Connection 'master' was properly closed.
[0m20:52:23.744338 [debug] [MainThread]: Connection 'list_postgres' was properly closed.
[0m20:52:23.744338 [debug] [MainThread]: Connection 'list_postgres_public' was properly closed.
[0m20:52:23.750205 [debug] [MainThread]: Connection 'model.bde_at3.my_first_dbt_model' was properly closed.
[0m20:52:23.750205 [debug] [MainThread]: Connection 'model.bde_at3.my_second_dbt_model' was properly closed.
[0m20:52:23.750205 [info ] [MainThread]: 
[0m20:52:23.750205 [info ] [MainThread]: Finished running 1 table model, 1 view model in 0 hours 0 minutes and 0.80 seconds (0.80s).
[0m20:52:23.750205 [debug] [MainThread]: Command end result
[0m20:52:23.754210 [info ] [MainThread]: 
[0m20:52:23.754210 [info ] [MainThread]: [32mCompleted successfully[0m
[0m20:52:23.759296 [info ] [MainThread]: 
[0m20:52:23.759296 [info ] [MainThread]: Done. PASS=2 WARN=0 ERROR=0 SKIP=0 TOTAL=2
[0m20:52:23.760302 [debug] [MainThread]: Command `dbt run` succeeded at 20:52:23.760302 after 0.93 seconds
[0m20:52:23.760302 [debug] [MainThread]: Sending event: {'category': 'dbt', 'action': 'invocation', 'label': 'end', 'context': [<snowplow_tracker.self_describing_json.SelfDescribingJson object at 0x000001B15A5E8890>, <snowplow_tracker.self_describing_json.SelfDescribingJson object at 0x000001B15A5E8550>, <snowplow_tracker.self_describing_json.SelfDescribingJson object at 0x000001B15A34F390>]}
[0m20:52:23.761301 [debug] [MainThread]: Flushing usage events
